{"meta": {"format": 3, "version": "7.13.4", "timestamp": "2026-05-21T17:03:07.871545", "branch_coverage": false, "show_contexts": false}, "files": {"src\\__init__.py": {"executed_lines": [], "summary": {"covered_lines": 0, "num_statements": 0, "percent_covered": 100.0, "percent_covered_display": "100", "missing_lines": 0, "excluded_lines": 0, "percent_statements_covered": 100.0, "percent_statements_covered_display": "100"}, "missing_lines": [], "excluded_lines": [], "functions": {"": {"executed_lines": [], "summary": {"covered_lines": 0, "num_statements": 0, "percent_covered": 100.0, "percent_covered_display": "100", "missing_lines": 0, "excluded_lines": 0, "percent_statements_covered": 100.0, "percent_statements_covered_display": "100"}, "missing_lines": [], "excluded_lines": [], "start_line": 1}}, "classes": {"": {"executed_lines": [], "summary": {"covered_lines": 0, "num_statements": 0, "percent_covered": 100.0, "percent_covered_display": "100", "missing_lines": 0, "excluded_lines": 0, "percent_statements_covered": 100.0, "percent_statements_covered_display": "100"}, "missing_lines": [], "excluded_lines": [], "start_line": 1}}}, "src\\accessibility_enricher.py": {"executed_lines": [15, 17, 18, 20, 23, 26, 29, 49, 50, 143, 144, 162, 163, 166, 167, 168, 171, 172, 175, 177, 178, 180, 182, 185, 186, 188, 190, 191, 193, 194, 197, 198, 199, 203, 204, 206, 212, 213, 218, 219, 221, 222, 224, 225, 226, 229, 230, 233, 235, 241, 242, 246, 247, 248, 249, 250, 251, 252, 253, 254, 256, 257, 264, 265, 266, 267, 268, 269, 270, 271, 272, 278, 279, 289, 290, 292, 296, 297, 299, 300, 301, 302, 306, 307, 308, 309, 310, 312, 314, 315, 321, 322, 323, 325, 326, 327, 328, 329, 344, 345, 358, 359, 361, 362, 363, 365, 366, 367, 370, 373, 379, 380, 389, 390, 391, 392, 395, 396, 397, 401, 402, 403, 404, 405, 406, 408, 409, 410, 411], "summary": {"covered_lines": 129, "num_statements": 193, "percent_covered": 66.83937823834196, "percent_covered_display": "67", "missing_lines": 64, "excluded_lines": 0, "percent_statements_covered": 66.83937823834196, "percent_statements_covered_display": "67"}, "missing_lines": [66, 67, 70, 71, 72, 75, 76, 77, 80, 81, 82, 83, 84, 87, 88, 89, 90, 93, 94, 95, 96, 97, 98, 99, 100, 101, 102, 103, 105, 113, 116, 117, 118, 119, 120, 121, 122, 123, 124, 125, 126, 127, 130, 131, 132, 133, 136, 137, 138, 139, 141, 200, 293, 332, 334, 335, 336, 337, 338, 339, 340, 342, 371, 407], "excluded_lines": [], "functions": {"AccessibilityEnricher._transform_cdp_ax_tree": {"executed_lines": [], "summary": {"covered_lines": 0, "num_statements": 51, "percent_covered": 0.0, "percent_covered_display": "0", "missing_lines": 51, "excluded_lines": 0, "percent_statements_covered": 0.0, "percent_statements_covered_display": "0"}, "missing_lines": [66, 67, 70, 71, 72, 75, 76, 77, 80, 81, 82, 83, 84, 87, 88, 89, 90, 93, 94, 95, 96, 97, 98, 99, 100, 101, 102, 103, 105, 113, 116, 117, 118, 119, 120, 121, 122, 123, 124, 125, 126, 127, 130, 131, 132, 133, 136, 137, 138, 139, 141], "excluded_lines": [], "start_line": 50}, "AccessibilityEnricher.enrich": {"executed_lines": [162, 163, 166, 167, 168, 171, 172, 175, 177, 178, 180, 182, 185, 186, 188, 190, 191, 193, 194, 197, 198, 199, 203, 204, 206], "summary": {"covered_lines": 25, "num_statements": 26, "percent_covered": 96.15384615384616, "percent_covered_display": "96", "missing_lines": 1, "excluded_lines": 0, "percent_statements_covered": 96.15384615384616, "percent_statements_covered_display": "96"}, "missing_lines": [200], "excluded_lines": [], "start_line": 144}, "AccessibilityEnricher._flatten_a11y_tree": {"executed_lines": [218, 219, 221, 222, 224, 225, 226, 229, 230, 233, 235], "summary": {"covered_lines": 11, "num_statements": 11, "percent_covered": 100.0, "percent_covered_display": "100", "missing_lines": 0, "excluded_lines": 0, "percent_statements_covered": 100.0, "percent_statements_covered_display": "100"}, "missing_lines": [], "excluded_lines": [], "start_line": 213}, "AccessibilityEnricher._build_role_name_index": {"executed_lines": [246, 247, 248, 249, 250, 251, 252, 253, 254], "summary": {"covered_lines": 9, "num_statements": 9, "percent_covered": 100.0, "percent_covered_display": "100", "missing_lines": 0, "excluded_lines": 0, "percent_statements_covered": 100.0, "percent_statements_covered_display": "100"}, "missing_lines": [], "excluded_lines": [], "start_line": 242}, "AccessibilityEnricher._build_href_index": {"executed_lines": [264, 265, 266, 267, 268, 269, 270, 271, 272], "summary": {"covered_lines": 9, "num_statements": 9, "percent_covered": 100.0, "percent_covered_display": "100", "missing_lines": 0, "excluded_lines": 0, "percent_statements_covered": 100.0, "percent_statements_covered_display": "100"}, "missing_lines": [], "excluded_lines": [], "start_line": 257}, "AccessibilityEnricher._match_by_role_and_name": {"executed_lines": [289, 290, 292, 296, 297, 299, 300, 301, 302, 306, 307, 308, 309, 310, 312], "summary": {"covered_lines": 15, "num_statements": 16, "percent_covered": 93.75, "percent_covered_display": "94", "missing_lines": 1, "excluded_lines": 0, "percent_statements_covered": 93.75, "percent_statements_covered_display": "94"}, "missing_lines": [293], "excluded_lines": [], "start_line": 279}, "AccessibilityEnricher._match_by_href": {"executed_lines": [321, 322, 323, 325, 326, 327, 328, 329], "summary": {"covered_lines": 8, "num_statements": 17, "percent_covered": 47.05882352941177, "percent_covered_display": "47", "missing_lines": 9, "excluded_lines": 0, "percent_statements_covered": 47.05882352941177, "percent_statements_covered_display": "47"}, "missing_lines": [332, 334, 335, 336, 337, 338, 339, 340, 342], "excluded_lines": [], "start_line": 315}, "AccessibilityEnricher._match_by_document_order": {"executed_lines": [358, 359, 361, 362, 363, 365, 366, 367, 370, 373], "summary": {"covered_lines": 10, "num_statements": 11, "percent_covered": 90.9090909090909, "percent_covered_display": "91", "missing_lines": 1, "excluded_lines": 0, "percent_statements_covered": 90.9090909090909, "percent_statements_covered_display": "91"}, "missing_lines": [371], "excluded_lines": [], "start_line": 345}, "AccessibilityEnricher._apply_enrichment": {"executed_lines": [389, 390, 391, 392, 395, 396, 397, 401, 402, 403, 404, 405, 406, 408, 409, 410, 411], "summary": {"covered_lines": 17, "num_statements": 18, "percent_covered": 94.44444444444444, "percent_covered_display": "94", "missing_lines": 1, "excluded_lines": 0, "percent_statements_covered": 94.44444444444444, "percent_statements_covered_display": "94"}, "missing_lines": [407], "excluded_lines": [], "start_line": 380}, "": {"executed_lines": [15, 17, 18, 20, 23, 26, 29, 49, 50, 143, 144, 212, 213, 241, 242, 256, 257, 278, 279, 314, 315, 344, 345, 379, 380], "summary": {"covered_lines": 25, "num_statements": 25, "percent_covered": 100.0, "percent_covered_display": "100", "missing_lines": 0, "excluded_lines": 0, "percent_statements_covered": 100.0, "percent_statements_covered_display": "100"}, "missing_lines": [], "excluded_lines": [], "start_line": 1}}, "classes": {"AccessibilityEnricher": {"executed_lines": [162, 163, 166, 167, 168, 171, 172, 175, 177, 178, 180, 182, 185, 186, 188, 190, 191, 193, 194, 197, 198, 199, 203, 204, 206, 218, 219, 221, 222, 224, 225, 226, 229, 230, 233, 235, 246, 247, 248, 249, 250, 251, 252, 253, 254, 264, 265, 266, 267, 268, 269, 270, 271, 272, 289, 290, 292, 296, 297, 299, 300, 301, 302, 306, 307, 308, 309, 310, 312, 321, 322, 323, 325, 326, 327, 328, 329, 358, 359, 361, 362, 363, 365, 366, 367, 370, 373, 389, 390, 391, 392, 395, 396, 397, 401, 402, 403, 404, 405, 406, 408, 409, 410, 411], "summary": {"covered_lines": 104, "num_statements": 168, "percent_covered": 61.904761904761905, "percent_covered_display": "62", "missing_lines": 64, "excluded_lines": 0, "percent_statements_covered": 61.904761904761905, "percent_statements_covered_display": "62"}, "missing_lines": [66, 67, 70, 71, 72, 75, 76, 77, 80, 81, 82, 83, 84, 87, 88, 89, 90, 93, 94, 95, 96, 97, 98, 99, 100, 101, 102, 103, 105, 113, 116, 117, 118, 119, 120, 121, 122, 123, 124, 125, 126, 127, 130, 131, 132, 133, 136, 137, 138, 139, 141, 200, 293, 332, 334, 335, 336, 337, 338, 339, 340, 342, 371, 407], "excluded_lines": [], "start_line": 23}, "": {"executed_lines": [15, 17, 18, 20, 23, 26, 29, 49, 50, 143, 144, 212, 213, 241, 242, 256, 257, 278, 279, 314, 315, 344, 345, 379, 380], "summary": {"covered_lines": 25, "num_statements": 25, "percent_covered": 100.0, "percent_covered_display": "100", "missing_lines": 0, "excluded_lines": 0, "percent_statements_covered": 100.0, "percent_statements_covered_display": "100"}, "missing_lines": [], "excluded_lines": [], "start_line": 1}}}, "src\\analyzer.py": {"executed_lines": [7, 9, 10, 11, 14, 15, 18, 19, 20, 21, 22, 23, 24, 25, 26, 27, 28, 29, 30, 32, 51, 62, 65, 66, 69, 70, 71, 73, 83, 86, 95, 104, 114, 122, 123, 124, 134, 135, 137, 138, 140, 141, 144, 147, 149, 150, 152, 153, 155, 156, 159, 161, 162, 164, 165, 167, 168, 169, 172, 176, 182, 186, 188, 189, 191, 193, 194, 195, 197, 199, 200, 209, 210, 252, 253, 263, 264, 265, 266, 268, 269, 270, 271, 273, 274, 276], "summary": {"covered_lines": 86, "num_statements": 124, "percent_covered": 69.35483870967742, "percent_covered_display": "69", "missing_lines": 38, "excluded_lines": 0, "percent_statements_covered": 69.35483870967742, "percent_statements_covered_display": "69"}, "missing_lines": [34, 75, 142, 145, 157, 170, 173, 174, 177, 183, 184, 202, 203, 204, 205, 207, 219, 220, 222, 223, 224, 225, 226, 227, 228, 229, 230, 231, 232, 233, 234, 236, 237, 238, 239, 240, 242, 272], "excluded_lines": [], "functions": {"AnalyzedTestCase.to_dict": {"executed_lines": [], "summary": {"covered_lines": 0, "num_statements": 1, "percent_covered": 0.0, "percent_covered_display": "0", "missing_lines": 1, "excluded_lines": 0, "percent_statements_covered": 0.0, "percent_statements_covered_display": "0"}, "missing_lines": [34], "excluded_lines": [], "start_line": 32}, "AnalysisResult.to_dict": {"executed_lines": [], "summary": {"covered_lines": 0, "num_statements": 1, "percent_covered": 0.0, "percent_covered_display": "0", "missing_lines": 1, "excluded_lines": 0, "percent_statements_covered": 0.0, "percent_statements_covered_display": "0"}, "missing_lines": [75], "excluded_lines": [], "start_line": 73}, "KeywordAnalyzer.identify_actions": {"executed_lines": [137, 138, 140, 141, 144, 147], "summary": {"covered_lines": 6, "num_statements": 8, "percent_covered": 75.0, "percent_covered_display": "75", "missing_lines": 2, "excluded_lines": 0, "percent_statements_covered": 75.0, "percent_statements_covered_display": "75"}, "missing_lines": [142, 145], "excluded_lines": [], "start_line": 135}, "KeywordAnalyzer.identify_expectations": {"executed_lines": [152, 153, 155, 156, 159], "summary": {"covered_lines": 5, "num_statements": 6, "percent_covered": 83.33333333333333, "percent_covered_display": "83", "missing_lines": 1, "excluded_lines": 0, "percent_statements_covered": 83.33333333333333, "percent_statements_covered_display": "83"}, "missing_lines": [157], "excluded_lines": [], "start_line": 150}, "KeywordAnalyzer.suggest_data": {"executed_lines": [164, 165, 167, 168, 169, 172, 176, 182, 186], "summary": {"covered_lines": 9, "num_statements": 15, "percent_covered": 60.0, "percent_covered_display": "60", "missing_lines": 6, "excluded_lines": 0, "percent_statements_covered": 60.0, "percent_statements_covered_display": "60"}, "missing_lines": [170, 173, 174, 177, 183, 184], "excluded_lines": [], "start_line": 162}, "KeywordAnalyzer.estimate_complexity": {"executed_lines": [191, 193, 194, 195, 197, 199, 200], "summary": {"covered_lines": 7, "num_statements": 12, "percent_covered": 58.333333333333336, "percent_covered_display": "58", "missing_lines": 5, "excluded_lines": 0, "percent_statements_covered": 58.333333333333336, "percent_statements_covered_display": "58"}, "missing_lines": [202, 203, 204, 205, 207], "excluded_lines": [], "start_line": 189}, "KeywordAnalyzer.analyze_parsed": {"executed_lines": [], "summary": {"covered_lines": 0, "num_statements": 21, "percent_covered": 0.0, "percent_covered_display": "0", "missing_lines": 21, "excluded_lines": 0, "percent_statements_covered": 0.0, "percent_statements_covered_display": "0"}, "missing_lines": [219, 220, 222, 223, 224, 225, 226, 227, 228, 229, 230, 231, 232, 233, 234, 236, 237, 238, 239, 240, 242], "excluded_lines": [], "start_line": 210}, "KeywordAnalyzer.analyze": {"executed_lines": [263, 264, 265, 266, 268, 269, 270, 271, 273, 274, 276], "summary": {"covered_lines": 11, "num_statements": 12, "percent_covered": 91.66666666666667, "percent_covered_display": "92", "missing_lines": 1, "excluded_lines": 0, "percent_statements_covered": 91.66666666666667, "percent_statements_covered_display": "92"}, "missing_lines": [272], "excluded_lines": [], "start_line": 253}, "": {"executed_lines": [7, 9, 10, 11, 14, 15, 18, 19, 20, 21, 22, 23, 24, 25, 26, 27, 28, 29, 30, 32, 51, 62, 65, 66, 69, 70, 71, 73, 83, 86, 95, 104, 114, 122, 123, 124, 134, 135, 149, 150, 161, 162, 188, 189, 209, 210, 252, 253], "summary": {"covered_lines": 48, "num_statements": 48, "percent_covered": 100.0, "percent_covered_display": "100", "missing_lines": 0, "excluded_lines": 0, "percent_statements_covered": 100.0, "percent_statements_covered_display": "100"}, "missing_lines": [], "excluded_lines": [], "start_line": 1}}, "classes": {"AnalyzedTestCase": {"executed_lines": [], "summary": {"covered_lines": 0, "num_statements": 1, "percent_covered": 0.0, "percent_covered_display": "0", "missing_lines": 1, "excluded_lines": 0, "percent_statements_covered": 0.0, "percent_statements_covered_display": "0"}, "missing_lines": [34], "excluded_lines": [], "start_line": 15}, "AnalysisResult": {"executed_lines": [], "summary": {"covered_lines": 0, "num_statements": 1, "percent_covered": 0.0, "percent_covered_display": "0", "missing_lines": 1, "excluded_lines": 0, "percent_statements_covered": 0.0, "percent_statements_covered_display": "0"}, "missing_lines": [75], "excluded_lines": [], "start_line": 66}, "KeywordAnalyzer": {"executed_lines": [137, 138, 140, 141, 144, 147, 152, 153, 155, 156, 159, 164, 165, 167, 168, 169, 172, 176, 182, 186, 191, 193, 194, 195, 197, 199, 200, 263, 264, 265, 266, 268, 269, 270, 271, 273, 274, 276], "summary": {"covered_lines": 38, "num_statements": 74, "percent_covered": 51.351351351351354, "percent_covered_display": "51", "missing_lines": 36, "excluded_lines": 0, "percent_statements_covered": 51.351351351351354, "percent_statements_covered_display": "51"}, "missing_lines": [142, 145, 157, 170, 173, 174, 177, 183, 184, 202, 203, 204, 205, 207, 219, 220, 222, 223, 224, 225, 226, 227, 228, 229, 230, 231, 232, 233, 234, 236, 237, 238, 239, 240, 242, 272], "excluded_lines": [], "start_line": 83}, "": {"executed_lines": [7, 9, 10, 11, 14, 15, 18, 19, 20, 21, 22, 23, 24, 25, 26, 27, 28, 29, 30, 32, 51, 62, 65, 66, 69, 70, 71, 73, 83, 86, 95, 104, 114, 122, 123, 124, 134, 135, 149, 150, 161, 162, 188, 189, 209, 210, 252, 253], "summary": {"covered_lines": 48, "num_statements": 48, "percent_covered": 100.0, "percent_covered_display": "100", "missing_lines": 0, "excluded_lines": 0, "percent_statements_covered": 100.0, "percent_statements_covered_display": "100"}, "missing_lines": [], "excluded_lines": [], "start_line": 1}}}, "src\\browser_utils.py": {"executed_lines": [3, 6, 9, 20, 21, 22, 23, 27, 28, 31, 32, 33, 36, 37, 39, 40, 41, 44, 45, 47, 48, 49, 54, 55, 72, 77, 78, 88, 93, 94, 95, 99, 107, 108, 109, 110, 113, 114, 117, 118, 141], "summary": {"covered_lines": 41, "num_statements": 60, "percent_covered": 68.33333333333333, "percent_covered_display": "68", "missing_lines": 19, "excluded_lines": 0, "percent_statements_covered": 68.33333333333333, "percent_statements_covered_display": "68"}, "missing_lines": [24, 25, 26, 34, 35, 42, 43, 50, 51, 73, 74, 89, 90, 96, 97, 111, 112, 142, 143], "excluded_lines": [], "functions": {"dismiss_consent_overlays": {"executed_lines": [9, 20, 21, 22, 23, 27, 28, 31, 32, 33, 36, 37, 39, 40, 41, 44, 45, 47, 48, 49, 54, 55, 72, 77, 78, 88, 93, 94, 95, 99, 107, 108, 109, 110, 113, 114, 117, 118, 141], "summary": {"covered_lines": 39, "num_statements": 58, "percent_covered": 67.24137931034483, "percent_covered_display": "67", "missing_lines": 19, "excluded_lines": 0, "percent_statements_covered": 67.24137931034483, "percent_statements_covered_display": "67"}, "missing_lines": [24, 25, 26, 34, 35, 42, 43, 50, 51, 73, 74, 89, 90, 96, 97, 111, 112, 142, 143], "excluded_lines": [], "start_line": 6}, "": {"executed_lines": [3, 6], "summary": {"covered_lines": 2, "num_statements": 2, "percent_covered": 100.0, "percent_covered_display": "100", "missing_lines": 0, "excluded_lines": 0, "percent_statements_covered": 100.0, "percent_statements_covered_display": "100"}, "missing_lines": [], "excluded_lines": [], "start_line": 1}}, "classes": {"": {"executed_lines": [3, 6, 9, 20, 21, 22, 23, 27, 28, 31, 32, 33, 36, 37, 39, 40, 41, 44, 45, 47, 48, 49, 54, 55, 72, 77, 78, 88, 93, 94, 95, 99, 107, 108, 109, 110, 113, 114, 117, 118, 141], "summary": {"covered_lines": 41, "num_statements": 60, "percent_covered": 68.33333333333333, "percent_covered_display": "68", "missing_lines": 19, "excluded_lines": 0, "percent_statements_covered": 68.33333333333333, "percent_statements_covered_display": "68"}, "missing_lines": [24, 25, 26, 34, 35, 42, 43, 50, 51, 73, 74, 89, 90, 96, 97, 111, 112, 142, 143], "excluded_lines": [], "start_line": 1}}}, "src\\code_normalizer.py": {"executed_lines": [7, 9, 11, 24, 30, 32, 33, 35, 36, 37, 38, 39, 40, 41, 43, 47, 48, 49, 50, 51, 52, 53, 55, 57, 60, 62, 64, 65, 66, 67, 68, 69, 70, 72, 74, 75, 76, 77, 78, 80, 81, 83, 84, 88, 89, 90, 91, 93, 100, 101, 102, 103, 106, 107, 108, 110, 111, 112, 115, 117, 118, 120, 121, 122, 123, 124, 125, 126, 127, 130, 132, 135, 137, 138, 139, 140, 141, 142, 143, 145, 146, 149, 151, 152, 153, 154, 155, 156, 158, 159, 160, 162, 163, 164, 165, 166, 167, 168, 170, 171, 172, 173, 174, 175, 177, 178, 179, 180, 181, 182, 183, 185, 191, 197, 198, 199, 200, 201, 203, 204, 205, 207, 209, 212, 214, 215, 216, 218, 219, 220, 221, 223, 242, 243, 245, 248, 250, 251, 252, 253, 255, 256, 257, 258, 260, 261, 262, 264, 265, 266, 267, 268, 270, 275, 276, 277, 279, 280, 282, 283, 286, 288, 289, 290, 292, 293, 294, 296, 297, 298, 299, 301, 302, 303, 305, 311, 313, 314, 315, 321, 324, 326, 327, 329, 330, 331, 339, 340, 341, 342, 348], "summary": {"covered_lines": 191, "num_statements": 231, "percent_covered": 82.68398268398268, "percent_covered_display": "83", "missing_lines": 40, "excluded_lines": 0, "percent_statements_covered": 82.68398268398268, "percent_statements_covered_display": "83"}, "missing_lines": [71, 85, 86, 128, 186, 187, 188, 189, 224, 225, 226, 227, 228, 230, 231, 232, 233, 235, 236, 238, 239, 240, 271, 272, 273, 306, 307, 308, 309, 316, 317, 318, 319, 333, 334, 335, 337, 344, 345, 346], "excluded_lines": [], "functions": {"convert_standalone_placeholders": {"executed_lines": [32, 33, 35, 36, 37, 38, 39, 40, 41, 43, 47, 48, 49, 50, 51, 52, 53, 55, 57], "summary": {"covered_lines": 19, "num_statements": 19, "percent_covered": 100.0, "percent_covered_display": "100", "missing_lines": 0, "excluded_lines": 0, "percent_statements_covered": 100.0, "percent_statements_covered_display": "100"}, "missing_lines": [], "excluded_lines": [], "start_line": 30}, "replace_remaining_placeholders": {"executed_lines": [62, 64, 74, 75, 76, 77, 78, 80, 81, 83, 84, 88, 89, 90, 91, 93, 100, 101, 102, 103, 106, 107, 108, 110, 111, 112], "summary": {"covered_lines": 26, "num_statements": 28, "percent_covered": 92.85714285714286, "percent_covered_display": "93", "missing_lines": 2, "excluded_lines": 0, "percent_statements_covered": 92.85714285714286, "percent_statements_covered_display": "93"}, "missing_lines": [85, 86], "excluded_lines": [], "start_line": 60}, "replace_remaining_placeholders._is_inside_quotes": {"executed_lines": [65, 66, 67, 68, 69, 70, 72], "summary": {"covered_lines": 7, "num_statements": 8, "percent_covered": 87.5, "percent_covered_display": "88", "missing_lines": 1, "excluded_lines": 0, "percent_statements_covered": 87.5, "percent_statements_covered_display": "88"}, "missing_lines": [71], "excluded_lines": [], "start_line": 64}, "strip_pages_needed_block": {"executed_lines": [117, 118, 120, 121, 122, 123, 124, 125, 126, 127, 130, 132], "summary": {"covered_lines": 12, "num_statements": 13, "percent_covered": 92.3076923076923, "percent_covered_display": "92", "missing_lines": 1, "excluded_lines": 0, "percent_statements_covered": 92.3076923076923, "percent_statements_covered_display": "92"}, "missing_lines": [128], "excluded_lines": [], "start_line": 115}, "fix_module_scope_indentation": {"executed_lines": [137, 138, 139, 140, 141, 142, 143, 145, 146], "summary": {"covered_lines": 9, "num_statements": 9, "percent_covered": 100.0, "percent_covered_display": "100", "missing_lines": 0, "excluded_lines": 0, "percent_statements_covered": 100.0, "percent_statements_covered_display": "100"}, "missing_lines": [], "excluded_lines": [], "start_line": 135}, "fix_indentation": {"executed_lines": [151, 152, 153, 154, 155, 156, 158, 159, 160, 162, 163, 164, 165, 166, 167, 168, 170, 171, 172, 173, 174, 175, 177, 178, 179, 180, 181, 182, 183, 185, 191, 197, 198, 199, 200, 201, 203, 204, 205, 207, 209], "summary": {"covered_lines": 41, "num_statements": 45, "percent_covered": 91.11111111111111, "percent_covered_display": "91", "missing_lines": 4, "excluded_lines": 0, "percent_statements_covered": 91.11111111111111, "percent_statements_covered_display": "91"}, "missing_lines": [186, 187, 188, 189], "excluded_lines": [], "start_line": 149}, "dedent_indented_test_blocks": {"executed_lines": [214, 215, 216, 218, 219, 220, 221, 223, 242, 243, 245], "summary": {"covered_lines": 11, "num_statements": 25, "percent_covered": 44.0, "percent_covered_display": "44", "missing_lines": 14, "excluded_lines": 0, "percent_statements_covered": 44.0, "percent_statements_covered_display": "44"}, "missing_lines": [224, 225, 226, 227, 228, 230, 231, 232, 233, 235, 236, 238, 239, 240], "excluded_lines": [], "start_line": 212}, "deduplicate_skip_calls": {"executed_lines": [250, 251, 252, 253, 255, 260, 261, 262, 264, 265, 266, 267, 268, 270, 275, 276, 277, 279, 280, 282, 283], "summary": {"covered_lines": 21, "num_statements": 24, "percent_covered": 87.5, "percent_covered_display": "88", "missing_lines": 3, "excluded_lines": 0, "percent_statements_covered": 87.5, "percent_statements_covered_display": "88"}, "missing_lines": [271, 272, 273], "excluded_lines": [], "start_line": 248}, "deduplicate_skip_calls._flush_skips": {"executed_lines": [256, 257, 258], "summary": {"covered_lines": 3, "num_statements": 3, "percent_covered": 100.0, "percent_covered_display": "100", "missing_lines": 0, "excluded_lines": 0, "percent_statements_covered": 100.0, "percent_statements_covered_display": "100"}, "missing_lines": [], "excluded_lines": [], "start_line": 255}, "replace_bare_ellipsis": {"executed_lines": [288, 289, 290, 292, 293, 294, 296, 297, 298, 299, 301, 302, 303, 305, 311, 313, 314, 315, 321], "summary": {"covered_lines": 19, "num_statements": 27, "percent_covered": 70.37037037037037, "percent_covered_display": "70", "missing_lines": 8, "excluded_lines": 0, "percent_statements_covered": 70.37037037037037, "percent_statements_covered_display": "70"}, "missing_lines": [306, 307, 308, 309, 316, 317, 318, 319], "excluded_lines": [], "start_line": 286}, "ensure_test_navigation": {"executed_lines": [326, 327, 329, 330, 331, 339, 348], "summary": {"covered_lines": 7, "num_statements": 11, "percent_covered": 63.63636363636363, "percent_covered_display": "64", "missing_lines": 4, "excluded_lines": 0, "percent_statements_covered": 63.63636363636363, "percent_statements_covered_display": "64"}, "missing_lines": [333, 334, 335, 337], "excluded_lines": [], "start_line": 324}, "ensure_test_navigation._inject_nav": {"executed_lines": [340, 341, 342], "summary": {"covered_lines": 3, "num_statements": 6, "percent_covered": 50.0, "percent_covered_display": "50", "missing_lines": 3, "excluded_lines": 0, "percent_statements_covered": 50.0, "percent_statements_covered_display": "50"}, "missing_lines": [344, 345, 346], "excluded_lines": [], "start_line": 339}, "": {"executed_lines": [7, 9, 11, 24, 30, 60, 115, 135, 149, 212, 248, 286, 324], "summary": {"covered_lines": 13, "num_statements": 13, "percent_covered": 100.0, "percent_covered_display": "100", "missing_lines": 0, "excluded_lines": 0, "percent_statements_covered": 100.0, "percent_statements_covered_display": "100"}, "missing_lines": [], "excluded_lines": [], "start_line": 1}}, "classes": {"": {"executed_lines": [7, 9, 11, 24, 30, 32, 33, 35, 36, 37, 38, 39, 40, 41, 43, 47, 48, 49, 50, 51, 52, 53, 55, 57, 60, 62, 64, 65, 66, 67, 68, 69, 70, 72, 74, 75, 76, 77, 78, 80, 81, 83, 84, 88, 89, 90, 91, 93, 100, 101, 102, 103, 106, 107, 108, 110, 111, 112, 115, 117, 118, 120, 121, 122, 123, 124, 125, 126, 127, 130, 132, 135, 137, 138, 139, 140, 141, 142, 143, 145, 146, 149, 151, 152, 153, 154, 155, 156, 158, 159, 160, 162, 163, 164, 165, 166, 167, 168, 170, 171, 172, 173, 174, 175, 177, 178, 179, 180, 181, 182, 183, 185, 191, 197, 198, 199, 200, 201, 203, 204, 205, 207, 209, 212, 214, 215, 216, 218, 219, 220, 221, 223, 242, 243, 245, 248, 250, 251, 252, 253, 255, 256, 257, 258, 260, 261, 262, 264, 265, 266, 267, 268, 270, 275, 276, 277, 279, 280, 282, 283, 286, 288, 289, 290, 292, 293, 294, 296, 297, 298, 299, 301, 302, 303, 305, 311, 313, 314, 315, 321, 324, 326, 327, 329, 330, 331, 339, 340, 341, 342, 348], "summary": {"covered_lines": 191, "num_statements": 231, "percent_covered": 82.68398268398268, "percent_covered_display": "83", "missing_lines": 40, "excluded_lines": 0, "percent_statements_covered": 82.68398268398268, "percent_statements_covered_display": "83"}, "missing_lines": [71, 85, 86, 128, 186, 187, 188, 189, 224, 225, 226, 227, 228, 230, 231, 232, 233, 235, 236, 238, 239, 240, 271, 272, 273, 306, 307, 308, 309, 316, 317, 318, 319, 333, 334, 335, 337, 344, 345, 346], "excluded_lines": [], "start_line": 1}}}, "src\\code_postprocessor.py": {"executed_lines": [8, 10, 12, 23, 26, 28, 31, 34, 37, 40, 41, 42, 43, 47, 48, 51, 52, 55, 58, 65, 72, 74, 75, 76, 77, 79, 80, 82, 85, 88, 95, 98, 101, 102, 105, 108, 111, 114, 116, 119, 129, 130, 132, 133, 135, 137, 140, 141, 142, 143, 144, 145, 146, 147, 148, 154, 160, 161, 162, 164, 165, 166, 167, 168, 169, 180, 181, 182, 203, 204, 205, 206, 217, 218, 228, 230, 231, 232, 234, 235, 236, 237, 238, 239, 240, 242, 243, 244, 245, 246, 247, 248, 249, 251, 252, 253, 254, 256, 257, 258, 259, 260, 262, 263, 265, 268, 341, 343, 345, 346, 348, 349, 353, 354, 357, 359, 360, 361, 362, 363, 364, 366, 367, 368, 370, 371, 372, 373, 374, 375, 376, 377, 378, 379, 381, 382, 383, 384, 385, 388, 391, 392, 393, 394, 395, 397, 398, 400, 405, 406, 408, 410, 413, 415, 416, 418, 419, 420, 421, 425, 426, 427, 428, 429, 430, 432, 435, 436, 438], "summary": {"covered_lines": 169, "num_statements": 244, "percent_covered": 69.26229508196721, "percent_covered_display": "69", "missing_lines": 75, "excluded_lines": 0, "percent_statements_covered": 69.26229508196721, "percent_statements_covered_display": "69"}, "missing_lines": [138, 170, 171, 172, 176, 177, 178, 183, 187, 193, 194, 195, 199, 200, 201, 219, 220, 221, 222, 223, 225, 270, 271, 273, 274, 275, 276, 278, 279, 280, 282, 283, 284, 285, 287, 294, 296, 297, 298, 299, 300, 301, 303, 305, 306, 307, 309, 311, 312, 313, 314, 315, 317, 318, 320, 321, 322, 324, 325, 327, 328, 329, 331, 332, 333, 335, 336, 338, 350, 351, 352, 386, 389, 423, 433], "excluded_lines": [], "functions": {"normalise_generated_code": {"executed_lines": [28, 31, 34, 37, 40, 41, 42, 43, 47, 48, 51, 52, 55, 58, 65, 72, 74, 75, 76, 77, 79, 80, 82, 85, 88, 95, 98, 101, 102, 105, 108, 111, 114, 116], "summary": {"covered_lines": 34, "num_statements": 34, "percent_covered": 100.0, "percent_covered_display": "100", "missing_lines": 0, "excluded_lines": 0, "percent_statements_covered": 100.0, "percent_statements_covered_display": "100"}, "missing_lines": [], "excluded_lines": [], "start_line": 26}, "replace_token_in_line": {"executed_lines": [129, 130, 132, 133, 135, 137, 140, 141, 142, 143, 144, 145, 146, 147, 148, 154, 160, 161, 162, 164, 165, 166, 167, 168, 169, 180, 181, 182, 203, 204, 205, 206, 217, 218], "summary": {"covered_lines": 34, "num_statements": 55, "percent_covered": 61.81818181818182, "percent_covered_display": "62", "missing_lines": 21, "excluded_lines": 0, "percent_statements_covered": 61.81818181818182, "percent_statements_covered_display": "62"}, "missing_lines": [138, 170, 171, 172, 176, 177, 178, 183, 187, 193, 194, 195, 199, 200, 201, 219, 220, 221, 222, 223, 225], "excluded_lines": [], "start_line": 119}, "_ensure_evidence_tracker_fixture": {"executed_lines": [230, 231, 232, 234, 235, 236, 237, 238, 239, 240, 242, 243, 244, 245, 246, 247, 248, 249, 251, 252, 253, 254, 256, 257, 258, 259, 260, 262, 263, 265], "summary": {"covered_lines": 30, "num_statements": 30, "percent_covered": 100.0, "percent_covered_display": "100", "missing_lines": 0, "excluded_lines": 0, "percent_statements_covered": 100.0, "percent_statements_covered_display": "100"}, "missing_lines": [], "excluded_lines": [], "start_line": 228}, "flatten_inner_functions": {"executed_lines": [], "summary": {"covered_lines": 0, "num_statements": 47, "percent_covered": 0.0, "percent_covered_display": "0", "missing_lines": 47, "excluded_lines": 0, "percent_statements_covered": 0.0, "percent_statements_covered_display": "0"}, "missing_lines": [270, 271, 273, 274, 275, 276, 278, 279, 280, 282, 283, 284, 285, 287, 294, 296, 297, 298, 299, 300, 301, 303, 305, 306, 307, 309, 311, 312, 313, 314, 315, 317, 318, 320, 321, 322, 324, 325, 327, 328, 329, 331, 332, 333, 335, 336, 338], "excluded_lines": [], "start_line": 268}, "inject_import": {"executed_lines": [343, 345, 346, 348, 349, 353, 354], "summary": {"covered_lines": 7, "num_statements": 10, "percent_covered": 70.0, "percent_covered_display": "70", "missing_lines": 3, "excluded_lines": 0, "percent_statements_covered": 70.0, "percent_statements_covered_display": "70"}, "missing_lines": [350, 351, 352], "excluded_lines": [], "start_line": 341}, "rewrite_page_references_in_class_methods": {"executed_lines": [359, 360, 361, 362, 363, 364, 366, 367, 368, 370, 371, 372, 373, 374, 375, 376, 377, 378, 379, 381, 382, 383, 384, 385, 388, 391, 392, 393, 394, 395, 397, 398, 400, 405, 406, 408, 410], "summary": {"covered_lines": 37, "num_statements": 39, "percent_covered": 94.87179487179488, "percent_covered_display": "95", "missing_lines": 2, "excluded_lines": 0, "percent_statements_covered": 94.87179487179488, "percent_statements_covered_display": "95"}, "missing_lines": [386, 389], "excluded_lines": [], "start_line": 357}, "_inject_consent_helper": {"executed_lines": [415, 416, 418, 419, 420, 421, 425, 426, 427, 428, 429, 430, 432, 435, 436, 438], "summary": {"covered_lines": 16, "num_statements": 18, "percent_covered": 88.88888888888889, "percent_covered_display": "89", "missing_lines": 2, "excluded_lines": 0, "percent_statements_covered": 88.88888888888889, "percent_statements_covered_display": "89"}, "missing_lines": [423, 433], "excluded_lines": [], "start_line": 413}, "": {"executed_lines": [8, 10, 12, 23, 26, 119, 228, 268, 341, 357, 413], "summary": {"covered_lines": 11, "num_statements": 11, "percent_covered": 100.0, "percent_covered_display": "100", "missing_lines": 0, "excluded_lines": 0, "percent_statements_covered": 100.0, "percent_statements_covered_display": "100"}, "missing_lines": [], "excluded_lines": [], "start_line": 1}}, "classes": {"": {"executed_lines": [8, 10, 12, 23, 26, 28, 31, 34, 37, 40, 41, 42, 43, 47, 48, 51, 52, 55, 58, 65, 72, 74, 75, 76, 77, 79, 80, 82, 85, 88, 95, 98, 101, 102, 105, 108, 111, 114, 116, 119, 129, 130, 132, 133, 135, 137, 140, 141, 142, 143, 144, 145, 146, 147, 148, 154, 160, 161, 162, 164, 165, 166, 167, 168, 169, 180, 181, 182, 203, 204, 205, 206, 217, 218, 228, 230, 231, 232, 234, 235, 236, 237, 238, 239, 240, 242, 243, 244, 245, 246, 247, 248, 249, 251, 252, 253, 254, 256, 257, 258, 259, 260, 262, 263, 265, 268, 341, 343, 345, 346, 348, 349, 353, 354, 357, 359, 360, 361, 362, 363, 364, 366, 367, 368, 370, 371, 372, 373, 374, 375, 376, 377, 378, 379, 381, 382, 383, 384, 385, 388, 391, 392, 393, 394, 395, 397, 398, 400, 405, 406, 408, 410, 413, 415, 416, 418, 419, 420, 421, 425, 426, 427, 428, 429, 430, 432, 435, 436, 438], "summary": {"covered_lines": 169, "num_statements": 244, "percent_covered": 69.26229508196721, "percent_covered_display": "69", "missing_lines": 75, "excluded_lines": 0, "percent_statements_covered": 69.26229508196721, "percent_statements_covered_display": "69"}, "missing_lines": [138, 170, 171, 172, 176, 177, 178, 183, 187, 193, 194, 195, 199, 200, 201, 219, 220, 221, 222, 223, 225, 270, 271, 273, 274, 275, 276, 278, 279, 280, 282, 283, 284, 285, 287, 294, 296, 297, 298, 299, 300, 301, 303, 305, 306, 307, 309, 311, 312, 313, 314, 315, 317, 318, 320, 321, 322, 324, 325, 327, 328, 329, 331, 332, 333, 335, 336, 338, 350, 351, 352, 386, 389, 423, 433], "excluded_lines": [], "start_line": 1}}}, "src\\code_validator.py": {"executed_lines": [7, 8, 11, 31, 32, 33, 34, 36, 37, 40, 56, 57, 58, 61, 62, 64, 66, 67, 70, 71, 73, 79, 82, 84, 85, 90, 91, 96, 97, 102, 105, 111, 112, 117, 118, 122, 123, 127, 128, 133, 134, 139, 140, 145, 146, 147, 148, 149, 150, 156, 157, 162, 163, 168, 169, 174], "summary": {"covered_lines": 56, "num_statements": 59, "percent_covered": 94.91525423728814, "percent_covered_display": "95", "missing_lines": 3, "excluded_lines": 0, "percent_statements_covered": 94.91525423728814, "percent_statements_covered_display": "95"}, "missing_lines": [75, 76, 77], "excluded_lines": [], "functions": {"validate_python_syntax": {"executed_lines": [31, 32, 33, 34, 36, 37], "summary": {"covered_lines": 6, "num_statements": 6, "percent_covered": 100.0, "percent_covered_display": "100", "missing_lines": 0, "excluded_lines": 0, "percent_statements_covered": 100.0, "percent_statements_covered_display": "100"}, "missing_lines": [], "excluded_lines": [], "start_line": 11}, "validate_test_function": {"executed_lines": [56, 57, 58, 61, 62, 64, 66, 67, 70, 71, 73, 79], "summary": {"covered_lines": 12, "num_statements": 15, "percent_covered": 80.0, "percent_covered_display": "80", "missing_lines": 3, "excluded_lines": 0, "percent_statements_covered": 80.0, "percent_statements_covered_display": "80"}, "missing_lines": [75, 76, 77], "excluded_lines": [], "start_line": 40}, "validate_generated_locator_quality": {"executed_lines": [84, 85, 90, 91, 96, 97, 102, 105, 111, 112, 117, 118, 122, 123, 127, 128, 133, 134, 139, 140, 145, 146, 147, 148, 149, 150, 156, 157, 162, 163, 168, 169, 174], "summary": {"covered_lines": 33, "num_statements": 33, "percent_covered": 100.0, "percent_covered_display": "100", "missing_lines": 0, "excluded_lines": 0, "percent_statements_covered": 100.0, "percent_statements_covered_display": "100"}, "missing_lines": [], "excluded_lines": [], "start_line": 82}, "": {"executed_lines": [7, 8, 11, 40, 82], "summary": {"covered_lines": 5, "num_statements": 5, "percent_covered": 100.0, "percent_covered_display": "100", "missing_lines": 0, "excluded_lines": 0, "percent_statements_covered": 100.0, "percent_statements_covered_display": "100"}, "missing_lines": [], "excluded_lines": [], "start_line": 1}}, "classes": {"": {"executed_lines": [7, 8, 11, 31, 32, 33, 34, 36, 37, 40, 56, 57, 58, 61, 62, 64, 66, 67, 70, 71, 73, 79, 82, 84, 85, 90, 91, 96, 97, 102, 105, 111, 112, 117, 118, 122, 123, 127, 128, 133, 134, 139, 140, 145, 146, 147, 148, 149, 150, 156, 157, 162, 163, 168, 169, 174], "summary": {"covered_lines": 56, "num_statements": 59, "percent_covered": 94.91525423728814, "percent_covered_display": "95", "missing_lines": 3, "excluded_lines": 0, "percent_statements_covered": 94.91525423728814, "percent_statements_covered_display": "95"}, "missing_lines": [75, 76, 77], "excluded_lines": [], "start_line": 1}}}, "src\\config.py": {"executed_lines": [3, 5, 6, 9, 12, 13, 14, 17, 20, 21, 22, 23, 24, 25, 26, 29, 32, 33, 34, 35, 38, 41, 42, 43, 46, 49, 50, 51, 55, 58, 59, 60, 61, 64, 67], "summary": {"covered_lines": 35, "num_statements": 35, "percent_covered": 100.0, "percent_covered_display": "100", "missing_lines": 0, "excluded_lines": 0, "percent_statements_covered": 100.0, "percent_statements_covered_display": "100"}, "missing_lines": [], "excluded_lines": [], "functions": {"": {"executed_lines": [3, 5, 6, 9, 12, 13, 14, 17, 20, 21, 22, 23, 24, 25, 26, 29, 32, 33, 34, 35, 38, 41, 42, 43, 46, 49, 50, 51, 55, 58, 59, 60, 61, 64, 67], "summary": {"covered_lines": 35, "num_statements": 35, "percent_covered": 100.0, "percent_covered_display": "100", "missing_lines": 0, "excluded_lines": 0, "percent_statements_covered": 100.0, "percent_statements_covered_display": "100"}, "missing_lines": [], "excluded_lines": [], "start_line": 1}}, "classes": {"AnalysisMode": {"executed_lines": [], "summary": {"covered_lines": 0, "num_statements": 0, "percent_covered": 100.0, "percent_covered_display": "100", "missing_lines": 0, "excluded_lines": 0, "percent_statements_covered": 100.0, "percent_statements_covered_display": "100"}, "missing_lines": [], "excluded_lines": [], "start_line": 9}, "ReportFormat": {"executed_lines": [], "summary": {"covered_lines": 0, "num_statements": 0, "percent_covered": 100.0, "percent_covered_display": "100", "missing_lines": 0, "excluded_lines": 0, "percent_statements_covered": 100.0, "percent_statements_covered_display": "100"}, "missing_lines": [], "excluded_lines": [], "start_line": 17}, "DetectionMode": {"executed_lines": [], "summary": {"covered_lines": 0, "num_statements": 0, "percent_covered": 100.0, "percent_covered_display": "100", "missing_lines": 0, "excluded_lines": 0, "percent_statements_covered": 100.0, "percent_statements_covered_display": "100"}, "missing_lines": [], "excluded_lines": [], "start_line": 29}, "CaptureLevel": {"executed_lines": [], "summary": {"covered_lines": 0, "num_statements": 0, "percent_covered": 100.0, "percent_covered_display": "100", "missing_lines": 0, "excluded_lines": 0, "percent_statements_covered": 100.0, "percent_statements_covered_display": "100"}, "missing_lines": [], "excluded_lines": [], "start_line": 38}, "ScreenshotNaming": {"executed_lines": [], "summary": {"covered_lines": 0, "num_statements": 0, "percent_covered": 100.0, "percent_covered_display": "100", "missing_lines": 0, "excluded_lines": 0, "percent_statements_covered": 100.0, "percent_statements_covered_display": "100"}, "missing_lines": [], "excluded_lines": [], "start_line": 46}, "": {"executed_lines": [3, 5, 6, 9, 12, 13, 14, 17, 20, 21, 22, 23, 24, 25, 26, 29, 32, 33, 34, 35, 38, 41, 42, 43, 46, 49, 50, 51, 55, 58, 59, 60, 61, 64, 67], "summary": {"covered_lines": 35, "num_statements": 35, "percent_covered": 100.0, "percent_covered_display": "100", "missing_lines": 0, "excluded_lines": 0, "percent_statements_covered": 100.0, "percent_statements_covered_display": "100"}, "missing_lines": [], "excluded_lines": [], "start_line": 1}}}, "src\\coverage_utils.py": {"executed_lines": [8, 10, 11, 12, 13, 16, 17, 20, 21, 22, 23, 25, 27, 35, 38, 39, 40, 43, 44, 47, 48, 49, 50, 51, 53, 64, 67, 69, 70, 71, 74, 76, 77, 80, 85, 87, 88, 89, 90, 92, 93, 94, 95, 97, 98, 99, 100, 101, 102, 104, 105, 113, 116, 121, 124, 126, 127, 133, 135, 136, 137, 138, 144, 149, 150, 151, 152, 153, 155, 156, 157, 158, 159, 161, 162, 163, 165, 166, 167, 168, 169, 170, 171, 174, 175, 178, 188], "summary": {"covered_lines": 87, "num_statements": 96, "percent_covered": 90.625, "percent_covered_display": "91", "missing_lines": 9, "excluded_lines": 0, "percent_statements_covered": 90.625, "percent_statements_covered_display": "91"}, "missing_lines": [55, 128, 129, 130, 139, 140, 141, 173, 176], "excluded_lines": [], "functions": {"RequirementCoverage.to_dict": {"executed_lines": [27], "summary": {"covered_lines": 1, "num_statements": 1, "percent_covered": 100.0, "percent_covered_display": "100", "missing_lines": 0, "excluded_lines": 0, "percent_statements_covered": 100.0, "percent_statements_covered_display": "100"}, "missing_lines": [], "excluded_lines": [], "start_line": 25}, "CoverageDisplayRow.to_dict": {"executed_lines": [], "summary": {"covered_lines": 0, "num_statements": 1, "percent_covered": 0.0, "percent_covered_display": "0", "missing_lines": 1, "excluded_lines": 0, "percent_statements_covered": 0.0, "percent_statements_covered_display": "0"}, "missing_lines": [55], "excluded_lines": [], "start_line": 53}, "extract_test_names": {"executed_lines": [69, 70, 71], "summary": {"covered_lines": 3, "num_statements": 3, "percent_covered": 100.0, "percent_covered_display": "100", "missing_lines": 0, "excluded_lines": 0, "percent_statements_covered": 100.0, "percent_statements_covered_display": "100"}, "missing_lines": [], "excluded_lines": [], "start_line": 67}, "_get_base_test_name": {"executed_lines": [76, 77], "summary": {"covered_lines": 2, "num_statements": 2, "percent_covered": 100.0, "percent_covered_display": "100", "missing_lines": 0, "excluded_lines": 0, "percent_statements_covered": 100.0, "percent_statements_covered_display": "100"}, "missing_lines": [], "excluded_lines": [], "start_line": 74}, "build_requirement_coverages": {"executed_lines": [85, 87, 88, 89, 90, 92, 93, 94, 95, 97, 98, 99, 100, 101, 102, 104, 105, 113], "summary": {"covered_lines": 18, "num_statements": 18, "percent_covered": 100.0, "percent_covered_display": "100", "missing_lines": 0, "excluded_lines": 0, "percent_statements_covered": 100.0, "percent_statements_covered_display": "100"}, "missing_lines": [], "excluded_lines": [], "start_line": 80}, "build_coverage_analysis": {"executed_lines": [121], "summary": {"covered_lines": 1, "num_statements": 1, "percent_covered": 100.0, "percent_covered_display": "100", "missing_lines": 0, "excluded_lines": 0, "percent_statements_covered": 100.0, "percent_statements_covered_display": "100"}, "missing_lines": [], "excluded_lines": [], "start_line": 116}, "_status_emoji": {"executed_lines": [126, 127], "summary": {"covered_lines": 2, "num_statements": 5, "percent_covered": 40.0, "percent_covered_display": "40", "missing_lines": 3, "excluded_lines": 0, "percent_statements_covered": 40.0, "percent_statements_covered_display": "40"}, "missing_lines": [128, 129, 130], "excluded_lines": [], "start_line": 124}, "_result_icon": {"executed_lines": [135, 136, 137, 138], "summary": {"covered_lines": 4, "num_statements": 7, "percent_covered": 57.142857142857146, "percent_covered_display": "57", "missing_lines": 3, "excluded_lines": 0, "percent_statements_covered": 57.142857142857146, "percent_statements_covered_display": "57"}, "missing_lines": [139, 140, 141], "excluded_lines": [], "start_line": 133}, "build_coverage_display_rows": {"executed_lines": [149, 150, 151, 152, 153, 155, 156, 157, 158, 159, 161, 162, 163, 165, 166, 167, 168, 169, 170, 171, 174, 175, 178, 188], "summary": {"covered_lines": 24, "num_statements": 26, "percent_covered": 92.3076923076923, "percent_covered_display": "92", "missing_lines": 2, "excluded_lines": 0, "percent_statements_covered": 92.3076923076923, "percent_statements_covered_display": "92"}, "missing_lines": [173, 176], "excluded_lines": [], "start_line": 144}, "": {"executed_lines": [8, 10, 11, 12, 13, 16, 17, 20, 21, 22, 23, 25, 35, 38, 39, 40, 43, 44, 47, 48, 49, 50, 51, 53, 64, 67, 74, 80, 116, 124, 133, 144], "summary": {"covered_lines": 32, "num_statements": 32, "percent_covered": 100.0, "percent_covered_display": "100", "missing_lines": 0, "excluded_lines": 0, "percent_statements_covered": 100.0, "percent_statements_covered_display": "100"}, "missing_lines": [], "excluded_lines": [], "start_line": 1}}, "classes": {"RequirementCoverage": {"executed_lines": [27], "summary": {"covered_lines": 1, "num_statements": 1, "percent_covered": 100.0, "percent_covered_display": "100", "missing_lines": 0, "excluded_lines": 0, "percent_statements_covered": 100.0, "percent_statements_covered_display": "100"}, "missing_lines": [], "excluded_lines": [], "start_line": 17}, "CoverageRunResult": {"executed_lines": [], "summary": {"covered_lines": 0, "num_statements": 0, "percent_covered": 100.0, "percent_covered_display": "100", "missing_lines": 0, "excluded_lines": 0, "percent_statements_covered": 100.0, "percent_statements_covered_display": "100"}, "missing_lines": [], "excluded_lines": [], "start_line": 35}, "CoverageDisplayRow": {"executed_lines": [], "summary": {"covered_lines": 0, "num_statements": 1, "percent_covered": 0.0, "percent_covered_display": "0", "missing_lines": 1, "excluded_lines": 0, "percent_statements_covered": 0.0, "percent_statements_covered_display": "0"}, "missing_lines": [55], "excluded_lines": [], "start_line": 44}, "": {"executed_lines": [8, 10, 11, 12, 13, 16, 17, 20, 21, 22, 23, 25, 35, 38, 39, 40, 43, 44, 47, 48, 49, 50, 51, 53, 64, 67, 69, 70, 71, 74, 76, 77, 80, 85, 87, 88, 89, 90, 92, 93, 94, 95, 97, 98, 99, 100, 101, 102, 104, 105, 113, 116, 121, 124, 126, 127, 133, 135, 136, 137, 138, 144, 149, 150, 151, 152, 153, 155, 156, 157, 158, 159, 161, 162, 163, 165, 166, 167, 168, 169, 170, 171, 174, 175, 178, 188], "summary": {"covered_lines": 86, "num_statements": 94, "percent_covered": 91.48936170212765, "percent_covered_display": "91", "missing_lines": 8, "excluded_lines": 0, "percent_statements_covered": 91.48936170212765, "percent_statements_covered_display": "91"}, "missing_lines": [128, 129, 130, 139, 140, 141, 173, 176], "excluded_lines": [], "start_line": 1}}}, "src\\element_enricher.py": {"executed_lines": [9, 11, 14, 17, 20, 42, 50, 62, 75, 84, 85, 101, 104, 105, 106, 109, 112, 115, 118, 121, 123, 125, 126, 128, 129, 130, 133, 137, 141, 145, 150, 152, 153, 155, 156, 157, 159, 160, 162, 164, 165, 166, 167, 168, 171, 173, 174, 176, 178, 179, 180, 181, 184, 185, 188, 189, 191, 192, 193, 195, 196, 213, 214, 217, 221, 222, 225, 242, 244, 245, 261, 262, 264, 265, 266, 267, 268, 270, 271, 277, 280, 281, 282, 284, 288, 289, 290, 293, 294, 295, 298, 299, 300, 303, 304, 305, 307, 309, 310, 324, 325, 327, 328], "summary": {"covered_lines": 103, "num_statements": 131, "percent_covered": 78.62595419847328, "percent_covered_display": "79", "missing_lines": 28, "excluded_lines": 0, "percent_statements_covered": 78.62595419847328, "percent_statements_covered_display": "79"}, "missing_lines": [134, 138, 142, 147, 148, 169, 170, 177, 182, 183, 186, 218, 227, 237, 238, 240, 247, 249, 250, 253, 254, 255, 256, 257, 259, 283, 285, 337], "excluded_lines": [], "functions": {"ElementEnricher.enrich_element": {"executed_lines": [101, 104, 105, 106, 109, 112, 115, 118, 121, 123], "summary": {"covered_lines": 10, "num_statements": 10, "percent_covered": 100.0, "percent_covered_display": "100", "missing_lines": 0, "excluded_lines": 0, "percent_statements_covered": 100.0, "percent_statements_covered_display": "100"}, "missing_lines": [], "excluded_lines": [], "start_line": 85}, "ElementEnricher._detect_is_icon": {"executed_lines": [128, 129, 130, 133, 137, 141, 145, 150], "summary": {"covered_lines": 8, "num_statements": 13, "percent_covered": 61.53846153846154, "percent_covered_display": "62", "missing_lines": 5, "excluded_lines": 0, "percent_statements_covered": 61.53846153846154, "percent_statements_covered_display": "62"}, "missing_lines": [134, 138, 142, 147, 148], "excluded_lines": [], "start_line": 126}, "ElementEnricher._detect_icon_classes": {"executed_lines": [155, 156, 157], "summary": {"covered_lines": 3, "num_statements": 3, "percent_covered": 100.0, "percent_covered_display": "100", "missing_lines": 0, "excluded_lines": 0, "percent_statements_covered": 100.0, "percent_statements_covered_display": "100"}, "missing_lines": [], "excluded_lines": [], "start_line": 153}, "ElementEnricher._detect_icon_unicode": {"executed_lines": [162, 164, 165, 166, 167, 168, 171], "summary": {"covered_lines": 7, "num_statements": 9, "percent_covered": 77.77777777777777, "percent_covered_display": "78", "missing_lines": 2, "excluded_lines": 0, "percent_statements_covered": 77.77777777777777, "percent_statements_covered_display": "78"}, "missing_lines": [169, 170], "excluded_lines": [], "start_line": 160}, "ElementEnricher._is_unicode_icon_text": {"executed_lines": [176, 178, 179, 180, 181, 184, 185], "summary": {"covered_lines": 7, "num_statements": 11, "percent_covered": 63.63636363636363, "percent_covered_display": "64", "missing_lines": 4, "excluded_lines": 0, "percent_statements_covered": 63.63636363636363, "percent_statements_covered_display": "64"}, "missing_lines": [177, 182, 183, 186], "excluded_lines": [], "start_line": 174}, "ElementEnricher._detect_decorative": {"executed_lines": [191, 192, 193], "summary": {"covered_lines": 3, "num_statements": 3, "percent_covered": 100.0, "percent_covered_display": "100", "missing_lines": 0, "excluded_lines": 0, "percent_statements_covered": 100.0, "percent_statements_covered_display": "100"}, "missing_lines": [], "excluded_lines": [], "start_line": 189}, "ElementEnricher._detect_hover_reveal": {"executed_lines": [213, 214, 217, 221, 222, 225, 242], "summary": {"covered_lines": 7, "num_statements": 12, "percent_covered": 58.333333333333336, "percent_covered_display": "58", "missing_lines": 5, "excluded_lines": 0, "percent_statements_covered": 58.333333333333336, "percent_statements_covered_display": "58"}, "missing_lines": [218, 227, 237, 238, 240], "excluded_lines": [], "start_line": 196}, "ElementEnricher._extract_parent_text": {"executed_lines": [], "summary": {"covered_lines": 0, "num_statements": 9, "percent_covered": 0.0, "percent_covered_display": "0", "missing_lines": 9, "excluded_lines": 0, "percent_statements_covered": 0.0, "percent_statements_covered_display": "0"}, "missing_lines": [247, 249, 250, 253, 254, 255, 256, 257, 259], "excluded_lines": [], "start_line": 245}, "ElementEnricher._extract_aria_icon_label": {"executed_lines": [264, 265, 266, 267, 268], "summary": {"covered_lines": 5, "num_statements": 5, "percent_covered": 100.0, "percent_covered_display": "100", "missing_lines": 0, "excluded_lines": 0, "percent_statements_covered": 100.0, "percent_statements_covered_display": "100"}, "missing_lines": [], "excluded_lines": [], "start_line": 262}, "ElementEnricher._generate_visual_description": {"executed_lines": [277, 280, 281, 282, 284, 288, 289, 290, 293, 294, 295, 298, 299, 300, 303, 304, 305, 307], "summary": {"covered_lines": 18, "num_statements": 20, "percent_covered": 90.0, "percent_covered_display": "90", "missing_lines": 2, "excluded_lines": 0, "percent_statements_covered": 90.0, "percent_statements_covered_display": "90"}, "missing_lines": [283, 285], "excluded_lines": [], "start_line": 271}, "ElementEnricher.enrich_batch": {"executed_lines": [324, 325], "summary": {"covered_lines": 2, "num_statements": 2, "percent_covered": 100.0, "percent_covered_display": "100", "missing_lines": 0, "excluded_lines": 0, "percent_statements_covered": 100.0, "percent_statements_covered_display": "100"}, "missing_lines": [], "excluded_lines": [], "start_line": 310}, "ElementEnricher.get_hover_reveal_selectors": {"executed_lines": [], "summary": {"covered_lines": 0, "num_statements": 1, "percent_covered": 0.0, "percent_covered_display": "0", "missing_lines": 1, "excluded_lines": 0, "percent_statements_covered": 0.0, "percent_statements_covered_display": "0"}, "missing_lines": [337], "excluded_lines": [], "start_line": 328}, "": {"executed_lines": [9, 11, 14, 17, 20, 42, 50, 62, 75, 84, 85, 125, 126, 152, 153, 159, 160, 173, 174, 188, 189, 195, 196, 244, 245, 261, 262, 270, 271, 309, 310, 327, 328], "summary": {"covered_lines": 33, "num_statements": 33, "percent_covered": 100.0, "percent_covered_display": "100", "missing_lines": 0, "excluded_lines": 0, "percent_statements_covered": 100.0, "percent_statements_covered_display": "100"}, "missing_lines": [], "excluded_lines": [], "start_line": 1}}, "classes": {"ElementEnricher": {"executed_lines": [101, 104, 105, 106, 109, 112, 115, 118, 121, 123, 128, 129, 130, 133, 137, 141, 145, 150, 155, 156, 157, 162, 164, 165, 166, 167, 168, 171, 176, 178, 179, 180, 181, 184, 185, 191, 192, 193, 213, 214, 217, 221, 222, 225, 242, 264, 265, 266, 267, 268, 277, 280, 281, 282, 284, 288, 289, 290, 293, 294, 295, 298, 299, 300, 303, 304, 305, 307, 324, 325], "summary": {"covered_lines": 70, "num_statements": 98, "percent_covered": 71.42857142857143, "percent_covered_display": "71", "missing_lines": 28, "excluded_lines": 0, "percent_statements_covered": 71.42857142857143, "percent_statements_covered_display": "71"}, "missing_lines": [134, 138, 142, 147, 148, 169, 170, 177, 182, 183, 186, 218, 227, 237, 238, 240, 247, 249, 250, 253, 254, 255, 256, 257, 259, 283, 285, 337], "excluded_lines": [], "start_line": 14}, "": {"executed_lines": [9, 11, 14, 17, 20, 42, 50, 62, 75, 84, 85, 125, 126, 152, 153, 159, 160, 173, 174, 188, 189, 195, 196, 244, 245, 261, 262, 270, 271, 309, 310, 327, 328], "summary": {"covered_lines": 33, "num_statements": 33, "percent_covered": 100.0, "percent_covered_display": "100", "missing_lines": 0, "excluded_lines": 0, "percent_statements_covered": 100.0, "percent_statements_covered_display": "100"}, "missing_lines": [], "excluded_lines": [], "start_line": 1}}}, "src\\evidence_loader.py": {"executed_lines": [11, 13, 14, 15, 16, 18, 21, 46, 47, 48, 49, 51, 52, 53, 54, 55, 57, 58, 59, 60, 62, 63, 66, 87, 88, 89, 91, 92, 94, 95, 96, 97, 99, 100, 102, 112, 113, 114, 115, 116, 117, 122, 124, 135, 144, 145, 146, 147, 148, 149, 152, 170, 171, 174, 175, 179, 180, 181, 183], "summary": {"covered_lines": 59, "num_statements": 62, "percent_covered": 95.16129032258064, "percent_covered_display": "95", "missing_lines": 3, "excluded_lines": 1, "percent_statements_covered": 95.16129032258064, "percent_statements_covered_display": "95"}, "missing_lines": [119, 120, 176], "excluded_lines": [22], "functions": {"load_evidence_for_package": {"executed_lines": [46, 47, 48, 49, 51, 52, 53, 54, 55, 57, 58, 59, 60, 62, 63], "summary": {"covered_lines": 15, "num_statements": 15, "percent_covered": 100.0, "percent_covered_display": "100", "missing_lines": 0, "excluded_lines": 1, "percent_statements_covered": 100.0, "percent_statements_covered_display": "100"}, "missing_lines": [], "excluded_lines": [22], "start_line": 21}, "get_failure_diagnostics": {"executed_lines": [87, 88, 89, 91, 92, 94, 95, 96, 97, 99, 100, 102, 112, 113, 114, 115, 116, 117, 122, 124], "summary": {"covered_lines": 20, "num_statements": 22, "percent_covered": 90.9090909090909, "percent_covered_display": "91", "missing_lines": 2, "excluded_lines": 0, "percent_statements_covered": 90.9090909090909, "percent_statements_covered_display": "91"}, "missing_lines": [119, 120], "excluded_lines": [], "start_line": 66}, "get_screenshot_paths": {"executed_lines": [144, 145, 146, 147, 148, 149], "summary": {"covered_lines": 6, "num_statements": 6, "percent_covered": 100.0, "percent_covered_display": "100", "missing_lines": 0, "excluded_lines": 0, "percent_statements_covered": 100.0, "percent_statements_covered_display": "100"}, "missing_lines": [], "excluded_lines": [], "start_line": 135}, "match_evidence_to_test": {"executed_lines": [170, 171, 174, 175, 179, 180, 181, 183], "summary": {"covered_lines": 8, "num_statements": 9, "percent_covered": 88.88888888888889, "percent_covered_display": "89", "missing_lines": 1, "excluded_lines": 0, "percent_statements_covered": 88.88888888888889, "percent_statements_covered_display": "89"}, "missing_lines": [176], "excluded_lines": [], "start_line": 152}, "": {"executed_lines": [11, 13, 14, 15, 16, 18, 21, 66, 135, 152], "summary": {"covered_lines": 10, "num_statements": 10, "percent_covered": 100.0, "percent_covered_display": "100", "missing_lines": 0, "excluded_lines": 0, "percent_statements_covered": 100.0, "percent_statements_covered_display": "100"}, "missing_lines": [], "excluded_lines": [], "start_line": 1}}, "classes": {"": {"executed_lines": [11, 13, 14, 15, 16, 18, 21, 46, 47, 48, 49, 51, 52, 53, 54, 55, 57, 58, 59, 60, 62, 63, 66, 87, 88, 89, 91, 92, 94, 95, 96, 97, 99, 100, 102, 112, 113, 114, 115, 116, 117, 122, 124, 135, 144, 145, 146, 147, 148, 149, 152, 170, 171, 174, 175, 179, 180, 181, 183], "summary": {"covered_lines": 59, "num_statements": 62, "percent_covered": 95.16129032258064, "percent_covered_display": "95", "missing_lines": 3, "excluded_lines": 1, "percent_statements_covered": 95.16129032258064, "percent_statements_covered_display": "95"}, "missing_lines": [119, 120, 176], "excluded_lines": [22], "start_line": 1}}}, "src\\evidence_report.py": {"executed_lines": [7, 9, 10, 11, 12, 13, 14, 15, 17, 19, 27, 35, 36, 38, 39, 44, 45, 47, 48, 49, 50, 57, 59, 64, 66, 67, 69, 70, 71, 72, 73, 74, 75, 78, 80, 81, 82, 83, 85, 86, 87, 89, 92, 97, 98, 99, 101, 102, 104, 105, 106, 107, 109, 111, 112, 115, 373, 384, 385, 389, 390, 392, 395, 396, 397, 398, 399, 400, 402, 404, 405, 406, 407, 416, 417, 419, 420, 421, 422, 423, 424, 425, 426, 427, 428, 429, 430, 432, 435, 436, 440, 442, 443, 447, 448, 449, 452, 457, 459, 465, 467, 468, 469, 607, 608, 611, 612, 613, 614, 615, 616, 617, 618, 619, 620, 623, 624, 627, 628, 629, 630, 631, 632, 633, 634, 635, 638, 741, 750], "summary": {"covered_lines": 129, "num_statements": 253, "percent_covered": 50.98814229249012, "percent_covered_display": "51", "missing_lines": 124, "excluded_lines": 0, "percent_statements_covered": 50.98814229249012, "percent_statements_covered_display": "51"}, "missing_lines": [37, 40, 41, 46, 58, 60, 61, 68, 88, 100, 110, 127, 128, 129, 130, 132, 133, 134, 136, 138, 139, 140, 141, 142, 143, 144, 145, 146, 147, 148, 149, 150, 152, 153, 154, 155, 156, 157, 159, 164, 165, 166, 167, 169, 170, 171, 172, 173, 175, 176, 177, 181, 386, 387, 391, 418, 433, 437, 438, 439, 444, 450, 451, 645, 646, 647, 649, 650, 651, 653, 654, 655, 656, 657, 658, 659, 661, 662, 663, 664, 666, 667, 668, 670, 671, 672, 673, 676, 677, 678, 679, 680, 681, 684, 685, 686, 687, 688, 689, 690, 693, 694, 695, 696, 697, 698, 699, 701, 716, 717, 719, 720, 721, 722, 723, 724, 725, 726, 728, 747, 756, 757, 759, 760], "excluded_lines": [], "functions": {"_safe_read_json": {"executed_lines": [36, 38, 39], "summary": {"covered_lines": 3, "num_statements": 6, "percent_covered": 50.0, "percent_covered_display": "50", "missing_lines": 3, "excluded_lines": 0, "percent_statements_covered": 50.0, "percent_statements_covered_display": "50"}, "missing_lines": [37, 40, 41], "excluded_lines": [], "start_line": 35}, "_safe_embed_image_data_uri": {"executed_lines": [45, 47, 48, 49, 50, 57, 59], "summary": {"covered_lines": 7, "num_statements": 11, "percent_covered": 63.63636363636363, "percent_covered_display": "64", "missing_lines": 4, "excluded_lines": 0, "percent_statements_covered": 63.63636363636363, "percent_statements_covered_display": "64"}, "missing_lines": [46, 58, 60, 61], "excluded_lines": [], "start_line": 44}, "_normalise_url": {"executed_lines": [66, 67, 69, 70, 71, 72, 73, 74, 75], "summary": {"covered_lines": 9, "num_statements": 10, "percent_covered": 90.0, "percent_covered_display": "90", "missing_lines": 1, "excluded_lines": 0, "percent_statements_covered": 90.0, "percent_statements_covered_display": "90"}, "missing_lines": [68], "excluded_lines": [], "start_line": 64}, "_clean_evidence_label": {"executed_lines": [80, 81, 82, 83, 85, 86, 87, 89], "summary": {"covered_lines": 8, "num_statements": 9, "percent_covered": 88.88888888888889, "percent_covered_display": "89", "missing_lines": 1, "excluded_lines": 0, "percent_statements_covered": 88.88888888888889, "percent_statements_covered_display": "89"}, "missing_lines": [88], "excluded_lines": [], "start_line": 78}, "_prepare_steps_for_display": {"executed_lines": [97, 98, 99, 101, 102, 104, 105, 106, 107, 109, 111, 112], "summary": {"covered_lines": 12, "num_statements": 14, "percent_covered": 85.71428571428571, "percent_covered_display": "86", "missing_lines": 2, "excluded_lines": 0, "percent_statements_covered": 85.71428571428571, "percent_statements_covered_display": "86"}, "missing_lines": [100, 110], "excluded_lines": [], "start_line": 92}, "generate_annotated_screenshot": {"executed_lines": [], "summary": {"covered_lines": 0, "num_statements": 41, "percent_covered": 0.0, "percent_covered_display": "0", "missing_lines": 41, "excluded_lines": 0, "percent_statements_covered": 0.0, "percent_statements_covered_display": "0"}, "missing_lines": [127, 128, 129, 130, 132, 133, 134, 136, 138, 139, 140, 141, 142, 143, 144, 145, 146, 147, 148, 149, 150, 152, 153, 154, 155, 156, 157, 159, 164, 165, 166, 167, 169, 170, 171, 172, 173, 175, 176, 177, 181], "excluded_lines": [], "start_line": 115}, "generate_annotated_journey": {"executed_lines": [384, 385, 389, 390, 392, 395, 396, 397, 398, 399, 400, 402, 416, 417, 419, 420, 421, 422, 423, 424, 425, 426, 427, 428, 429, 430, 432, 435, 436, 440, 442, 443, 447, 448, 449, 452, 457, 459, 465, 467, 468, 469], "summary": {"covered_lines": 42, "num_statements": 53, "percent_covered": 79.24528301886792, "percent_covered_display": "79", "missing_lines": 11, "excluded_lines": 0, "percent_statements_covered": 79.24528301886792, "percent_statements_covered_display": "79"}, "missing_lines": [386, 387, 391, 418, 433, 437, 438, 439, 444, 450, 451], "excluded_lines": [], "start_line": 373}, "generate_annotated_journey.flush": {"executed_lines": [404, 405, 406, 407], "summary": {"covered_lines": 4, "num_statements": 4, "percent_covered": 100.0, "percent_covered_display": "100", "missing_lines": 0, "excluded_lines": 0, "percent_statements_covered": 100.0, "percent_statements_covered_display": "100"}, "missing_lines": [], "excluded_lines": [], "start_line": 402}, "list_evidence_from_package": {"executed_lines": [], "summary": {"covered_lines": 0, "num_statements": 56, "percent_covered": 0.0, "percent_covered_display": "0", "missing_lines": 56, "excluded_lines": 0, "percent_statements_covered": 0.0, "percent_statements_covered_display": "0"}, "missing_lines": [645, 646, 647, 649, 650, 651, 653, 654, 655, 656, 657, 658, 659, 661, 662, 663, 664, 666, 667, 668, 670, 671, 672, 673, 676, 677, 678, 679, 680, 681, 684, 685, 686, 687, 688, 689, 690, 693, 694, 695, 696, 697, 698, 699, 701, 716, 717, 719, 720, 721, 722, 723, 724, 725, 726, 728], "excluded_lines": [], "start_line": 638}, "list_evidence_from_packages": {"executed_lines": [], "summary": {"covered_lines": 0, "num_statements": 1, "percent_covered": 0.0, "percent_covered_display": "0", "missing_lines": 1, "excluded_lines": 0, "percent_statements_covered": 0.0, "percent_statements_covered_display": "0"}, "missing_lines": [747], "excluded_lines": [], "start_line": 741}, "list_evidence_from_test_dir": {"executed_lines": [], "summary": {"covered_lines": 0, "num_statements": 4, "percent_covered": 0.0, "percent_covered_display": "0", "missing_lines": 4, "excluded_lines": 0, "percent_statements_covered": 0.0, "percent_statements_covered_display": "0"}, "missing_lines": [756, 757, 759, 760], "excluded_lines": [], "start_line": 750}, "": {"executed_lines": [7, 9, 10, 11, 12, 13, 14, 15, 17, 19, 27, 35, 44, 64, 78, 92, 115, 373, 607, 608, 611, 612, 613, 614, 615, 616, 617, 618, 619, 620, 623, 624, 627, 628, 629, 630, 631, 632, 633, 634, 635, 638, 741, 750], "summary": {"covered_lines": 44, "num_statements": 44, "percent_covered": 100.0, "percent_covered_display": "100", "missing_lines": 0, "excluded_lines": 0, "percent_statements_covered": 100.0, "percent_statements_covered_display": "100"}, "missing_lines": [], "excluded_lines": [], "start_line": 1}}, "classes": {"EvidenceFile": {"executed_lines": [], "summary": {"covered_lines": 0, "num_statements": 0, "percent_covered": 100.0, "percent_covered_display": "100", "missing_lines": 0, "excluded_lines": 0, "percent_statements_covered": 100.0, "percent_statements_covered_display": "100"}, "missing_lines": [], "excluded_lines": [], "start_line": 608}, "TestPackageEvidence": {"executed_lines": [], "summary": {"covered_lines": 0, "num_statements": 0, "percent_covered": 100.0, "percent_covered_display": "100", "missing_lines": 0, "excluded_lines": 0, "percent_statements_covered": 100.0, "percent_statements_covered_display": "100"}, "missing_lines": [], "excluded_lines": [], "start_line": 624}, "": {"executed_lines": [7, 9, 10, 11, 12, 13, 14, 15, 17, 19, 27, 35, 36, 38, 39, 44, 45, 47, 48, 49, 50, 57, 59, 64, 66, 67, 69, 70, 71, 72, 73, 74, 75, 78, 80, 81, 82, 83, 85, 86, 87, 89, 92, 97, 98, 99, 101, 102, 104, 105, 106, 107, 109, 111, 112, 115, 373, 384, 385, 389, 390, 392, 395, 396, 397, 398, 399, 400, 402, 404, 405, 406, 407, 416, 417, 419, 420, 421, 422, 423, 424, 425, 426, 427, 428, 429, 430, 432, 435, 436, 440, 442, 443, 447, 448, 449, 452, 457, 459, 465, 467, 468, 469, 607, 608, 611, 612, 613, 614, 615, 616, 617, 618, 619, 620, 623, 624, 627, 628, 629, 630, 631, 632, 633, 634, 635, 638, 741, 750], "summary": {"covered_lines": 129, "num_statements": 253, "percent_covered": 50.98814229249012, "percent_covered_display": "51", "missing_lines": 124, "excluded_lines": 0, "percent_statements_covered": 50.98814229249012, "percent_statements_covered_display": "51"}, "missing_lines": [37, 40, 41, 46, 58, 60, 61, 68, 88, 100, 110, 127, 128, 129, 130, 132, 133, 134, 136, 138, 139, 140, 141, 142, 143, 144, 145, 146, 147, 148, 149, 150, 152, 153, 154, 155, 156, 157, 159, 164, 165, 166, 167, 169, 170, 171, 172, 173, 175, 176, 177, 181, 386, 387, 391, 418, 433, 437, 438, 439, 444, 450, 451, 645, 646, 647, 649, 650, 651, 653, 654, 655, 656, 657, 658, 659, 661, 662, 663, 664, 666, 667, 668, 670, 671, 672, 673, 676, 677, 678, 679, 680, 681, 684, 685, 686, 687, 688, 689, 690, 693, 694, 695, 696, 697, 698, 699, 701, 716, 717, 719, 720, 721, 722, 723, 724, 725, 726, 728, 747, 756, 757, 759, 760], "excluded_lines": [], "start_line": 1}}}, "src\\evidence_serializer.py": {"executed_lines": [3, 5, 6, 7, 9, 12, 15, 16, 27, 44, 45, 49, 50, 55, 56, 61, 62], "summary": {"covered_lines": 17, "num_statements": 23, "percent_covered": 73.91304347826087, "percent_covered_display": "74", "missing_lines": 6, "excluded_lines": 0, "percent_statements_covered": 73.91304347826087, "percent_statements_covered_display": "74"}, "missing_lines": [47, 52, 53, 58, 59, 64], "excluded_lines": [], "functions": {"EvidenceSerializer.serialize": {"executed_lines": [27], "summary": {"covered_lines": 1, "num_statements": 1, "percent_covered": 100.0, "percent_covered_display": "100", "missing_lines": 0, "excluded_lines": 0, "percent_statements_covered": 100.0, "percent_statements_covered_display": "100"}, "missing_lines": [], "excluded_lines": [], "start_line": 16}, "EvidenceSerializer.load": {"executed_lines": [], "summary": {"covered_lines": 0, "num_statements": 1, "percent_covered": 0.0, "percent_covered_display": "0", "missing_lines": 1, "excluded_lines": 0, "percent_statements_covered": 0.0, "percent_statements_covered_display": "0"}, "missing_lines": [47], "excluded_lines": [], "start_line": 45}, "EvidenceSerializer.load_run_history": {"executed_lines": [], "summary": {"covered_lines": 0, "num_statements": 2, "percent_covered": 0.0, "percent_covered_display": "0", "missing_lines": 2, "excluded_lines": 0, "percent_statements_covered": 0.0, "percent_statements_covered_display": "0"}, "missing_lines": [52, 53], "excluded_lines": [], "start_line": 50}, "EvidenceSerializer.load_steps": {"executed_lines": [], "summary": {"covered_lines": 0, "num_statements": 2, "percent_covered": 0.0, "percent_covered_display": "0", "missing_lines": 2, "excluded_lines": 0, "percent_statements_covered": 0.0, "percent_statements_covered_display": "0"}, "missing_lines": [58, 59], "excluded_lines": [], "start_line": 56}, "EvidenceSerializer.validate": {"executed_lines": [], "summary": {"covered_lines": 0, "num_statements": 1, "percent_covered": 0.0, "percent_covered_display": "0", "missing_lines": 1, "excluded_lines": 0, "percent_statements_covered": 0.0, "percent_statements_covered_display": "0"}, "missing_lines": [64], "excluded_lines": [], "start_line": 62}, "": {"executed_lines": [3, 5, 6, 7, 9, 12, 15, 16, 44, 45, 49, 50, 55, 56, 61, 62], "summary": {"covered_lines": 16, "num_statements": 16, "percent_covered": 100.0, "percent_covered_display": "100", "missing_lines": 0, "excluded_lines": 0, "percent_statements_covered": 100.0, "percent_statements_covered_display": "100"}, "missing_lines": [], "excluded_lines": [], "start_line": 1}}, "classes": {"EvidenceSerializer": {"executed_lines": [27], "summary": {"covered_lines": 1, "num_statements": 7, "percent_covered": 14.285714285714286, "percent_covered_display": "14", "missing_lines": 6, "excluded_lines": 0, "percent_statements_covered": 14.285714285714286, "percent_statements_covered_display": "14"}, "missing_lines": [47, 52, 53, 58, 59, 64], "excluded_lines": [], "start_line": 12}, "": {"executed_lines": [3, 5, 6, 7, 9, 12, 15, 16, 44, 45, 49, 50, 55, 56, 61, 62], "summary": {"covered_lines": 16, "num_statements": 16, "percent_covered": 100.0, "percent_covered_display": "100", "missing_lines": 0, "excluded_lines": 0, "percent_statements_covered": 100.0, "percent_statements_covered_display": "100"}, "missing_lines": [], "excluded_lines": [], "start_line": 1}}}, "src\\evidence_tracker.py": {"executed_lines": [1, 2, 3, 4, 6, 8, 9, 10, 11, 14, 15, 39, 40, 41, 42, 44, 45, 48, 50, 51, 56, 57, 60, 63, 65, 66, 68, 69, 70, 71, 73, 74, 75, 77, 79, 81, 83, 85, 87, 89, 91, 92, 97, 99, 100, 105, 107, 109, 110, 112, 114, 115, 117, 121, 122, 123, 124, 125, 129, 130, 132, 134, 135, 140, 143, 144, 146, 147, 150, 151, 153, 163, 170, 178, 191, 194, 195, 200, 201, 202, 203, 204, 206, 207, 211, 214, 215, 216, 217, 218, 219, 225, 226, 227, 228, 230, 232, 242, 243, 244, 246, 259, 267, 268, 269, 270, 271, 272, 273, 274, 277, 278, 286, 288, 301, 312, 313, 314, 315, 317, 320, 321, 322, 328, 329, 330, 331, 332, 333, 335, 336, 341, 364, 365, 368, 376, 378, 379, 380, 381, 382, 385, 386, 387, 388, 407, 409, 410, 411, 415, 425, 426], "summary": {"covered_lines": 152, "num_statements": 200, "percent_covered": 76.0, "percent_covered_display": "76", "missing_lines": 48, "excluded_lines": 0, "percent_statements_covered": 76.0, "percent_statements_covered_display": "76"}, "missing_lines": [49, 54, 76, 93, 94, 95, 96, 101, 102, 103, 104, 118, 119, 126, 127, 136, 137, 167, 168, 196, 197, 198, 208, 209, 220, 222, 289, 290, 291, 292, 293, 294, 295, 296, 299, 323, 325, 343, 344, 347, 348, 349, 350, 353, 396, 397, 405, 413], "excluded_lines": [], "functions": {"EvidenceTracker.__init__": {"executed_lines": [39, 40, 41, 42, 44, 45, 48, 50, 51, 56, 57, 60, 63], "summary": {"covered_lines": 13, "num_statements": 15, "percent_covered": 86.66666666666667, "percent_covered_display": "87", "missing_lines": 2, "excluded_lines": 0, "percent_statements_covered": 86.66666666666667, "percent_statements_covered_display": "87"}, "missing_lines": [49, 54], "excluded_lines": [], "start_line": 15}, "EvidenceTracker._clean_label": {"executed_lines": [68, 69, 70, 71, 73, 74, 75, 77], "summary": {"covered_lines": 8, "num_statements": 9, "percent_covered": 88.88888888888889, "percent_covered_display": "89", "missing_lines": 1, "excluded_lines": 0, "percent_statements_covered": 88.88888888888889, "percent_statements_covered_display": "89"}, "missing_lines": [76], "excluded_lines": [], "start_line": 66}, "EvidenceTracker._dismiss_consent_overlays": {"executed_lines": [81, 83], "summary": {"covered_lines": 2, "num_statements": 2, "percent_covered": 100.0, "percent_covered_display": "100", "missing_lines": 0, "excluded_lines": 0, "percent_statements_covered": 100.0, "percent_statements_covered_display": "100"}, "missing_lines": [], "excluded_lines": [], "start_line": 79}, "EvidenceTracker._dismiss_ad_overlays": {"executed_lines": [87, 89], "summary": {"covered_lines": 2, "num_statements": 2, "percent_covered": 100.0, "percent_covered_display": "100", "missing_lines": 0, "excluded_lines": 0, "percent_statements_covered": 100.0, "percent_statements_covered_display": "100"}, "missing_lines": [], "excluded_lines": [], "start_line": 85}, "EvidenceTracker._load_previous_history": {"executed_lines": [92, 97], "summary": {"covered_lines": 2, "num_statements": 6, "percent_covered": 33.333333333333336, "percent_covered_display": "33", "missing_lines": 4, "excluded_lines": 0, "percent_statements_covered": 33.333333333333336, "percent_statements_covered_display": "33"}, "missing_lines": [93, 94, 95, 96], "excluded_lines": [], "start_line": 91}, "EvidenceTracker._load_previous_steps": {"executed_lines": [100, 105], "summary": {"covered_lines": 2, "num_statements": 6, "percent_covered": 33.333333333333336, "percent_covered_display": "33", "missing_lines": 4, "excluded_lines": 0, "percent_statements_covered": 33.333333333333336, "percent_statements_covered_display": "33"}, "missing_lines": [101, 102, 103, 104], "excluded_lines": [], "start_line": 99}, "EvidenceTracker._get_element_metadata": {"executed_lines": [109, 110, 112, 114, 115, 117, 121, 122, 123, 124, 125, 129, 130, 132, 134, 135, 140, 143, 144, 146, 147, 150, 151, 153, 163, 170], "summary": {"covered_lines": 26, "num_statements": 34, "percent_covered": 76.47058823529412, "percent_covered_display": "76", "missing_lines": 8, "excluded_lines": 0, "percent_statements_covered": 76.47058823529412, "percent_statements_covered_display": "76"}, "missing_lines": [118, 119, 126, 127, 136, 137, 167, 168], "excluded_lines": [], "start_line": 107}, "EvidenceTracker._record_step": {"executed_lines": [191, 194, 195, 200, 201, 202, 203, 204, 206, 207, 211, 214, 215, 216, 217, 218, 219, 225, 226, 227, 228, 230, 232, 242, 243, 244, 246], "summary": {"covered_lines": 27, "num_statements": 34, "percent_covered": 79.41176470588235, "percent_covered_display": "79", "missing_lines": 7, "excluded_lines": 0, "percent_statements_covered": 79.41176470588235, "percent_statements_covered_display": "79"}, "missing_lines": [196, 197, 198, 208, 209, 220, 222], "excluded_lines": [], "start_line": 178}, "EvidenceTracker.navigate": {"executed_lines": [267, 268, 269, 270, 271, 272, 273, 274, 277, 278, 286], "summary": {"covered_lines": 11, "num_statements": 11, "percent_covered": 100.0, "percent_covered_display": "100", "missing_lines": 0, "excluded_lines": 0, "percent_statements_covered": 100.0, "percent_statements_covered_display": "100"}, "missing_lines": [], "excluded_lines": [], "start_line": 259}, "EvidenceTracker.fill": {"executed_lines": [], "summary": {"covered_lines": 0, "num_statements": 9, "percent_covered": 0.0, "percent_covered_display": "0", "missing_lines": 9, "excluded_lines": 0, "percent_statements_covered": 0.0, "percent_statements_covered_display": "0"}, "missing_lines": [289, 290, 291, 292, 293, 294, 295, 296, 299], "excluded_lines": [], "start_line": 288}, "EvidenceTracker.click": {"executed_lines": [312, 313, 314, 315, 317, 320, 321, 322, 328, 329, 330, 331, 332, 333, 335, 336, 341, 364, 365, 368, 376], "summary": {"covered_lines": 21, "num_statements": 30, "percent_covered": 70.0, "percent_covered_display": "70", "missing_lines": 9, "excluded_lines": 0, "percent_statements_covered": 70.0, "percent_statements_covered_display": "70"}, "missing_lines": [323, 325, 343, 344, 347, 348, 349, 350, 353], "excluded_lines": [], "start_line": 301}, "EvidenceTracker.assert_visible": {"executed_lines": [379, 380, 381, 382, 385, 386, 387, 388], "summary": {"covered_lines": 8, "num_statements": 11, "percent_covered": 72.72727272727273, "percent_covered_display": "73", "missing_lines": 3, "excluded_lines": 0, "percent_statements_covered": 72.72727272727273, "percent_statements_covered_display": "73"}, "missing_lines": [396, 397, 405], "excluded_lines": [], "start_line": 378}, "EvidenceTracker.write": {"executed_lines": [409, 410, 411, 415, 425, 426], "summary": {"covered_lines": 6, "num_statements": 7, "percent_covered": 85.71428571428571, "percent_covered_display": "86", "missing_lines": 1, "excluded_lines": 0, "percent_statements_covered": 85.71428571428571, "percent_statements_covered_display": "86"}, "missing_lines": [413], "excluded_lines": [], "start_line": 407}, "": {"executed_lines": [1, 2, 3, 4, 6, 8, 9, 10, 11, 14, 15, 65, 66, 79, 85, 91, 99, 107, 178, 259, 288, 301, 378, 407], "summary": {"covered_lines": 24, "num_statements": 24, "percent_covered": 100.0, "percent_covered_display": "100", "missing_lines": 0, "excluded_lines": 0, "percent_statements_covered": 100.0, "percent_statements_covered_display": "100"}, "missing_lines": [], "excluded_lines": [], "start_line": 1}}, "classes": {"EvidenceTracker": {"executed_lines": [39, 40, 41, 42, 44, 45, 48, 50, 51, 56, 57, 60, 63, 68, 69, 70, 71, 73, 74, 75, 77, 81, 83, 87, 89, 92, 97, 100, 105, 109, 110, 112, 114, 115, 117, 121, 122, 123, 124, 125, 129, 130, 132, 134, 135, 140, 143, 144, 146, 147, 150, 151, 153, 163, 170, 191, 194, 195, 200, 201, 202, 203, 204, 206, 207, 211, 214, 215, 216, 217, 218, 219, 225, 226, 227, 228, 230, 232, 242, 243, 244, 246, 267, 268, 269, 270, 271, 272, 273, 274, 277, 278, 286, 312, 313, 314, 315, 317, 320, 321, 322, 328, 329, 330, 331, 332, 333, 335, 336, 341, 364, 365, 368, 376, 379, 380, 381, 382, 385, 386, 387, 388, 409, 410, 411, 415, 425, 426], "summary": {"covered_lines": 128, "num_statements": 176, "percent_covered": 72.72727272727273, "percent_covered_display": "73", "missing_lines": 48, "excluded_lines": 0, "percent_statements_covered": 72.72727272727273, "percent_statements_covered_display": "73"}, "missing_lines": [49, 54, 76, 93, 94, 95, 96, 101, 102, 103, 104, 118, 119, 126, 127, 136, 137, 167, 168, 196, 197, 198, 208, 209, 220, 222, 289, 290, 291, 292, 293, 294, 295, 296, 299, 323, 325, 343, 344, 347, 348, 349, 350, 353, 396, 397, 405, 413], "excluded_lines": [], "start_line": 14}, "": {"executed_lines": [1, 2, 3, 4, 6, 8, 9, 10, 11, 14, 15, 65, 66, 79, 85, 91, 99, 107, 178, 259, 288, 301, 378, 407], "summary": {"covered_lines": 24, "num_statements": 24, "percent_covered": 100.0, "percent_covered_display": "100", "missing_lines": 0, "excluded_lines": 0, "percent_statements_covered": 100.0, "percent_statements_covered_display": "100"}, "missing_lines": [], "excluded_lines": [], "start_line": 1}}}, "src\\failure_reporter.py": {"executed_lines": [13, 15, 16, 18, 20, 22, 25, 28, 30, 31, 50, 58, 59, 63, 64, 69, 72, 75, 77, 85, 87, 88, 99, 101, 104, 105, 107, 122, 123, 124, 149, 150, 164, 166, 167, 192, 193, 204, 205, 218, 221, 224, 225, 226, 236, 238, 239, 244, 246, 247, 350, 351, 356, 357, 358, 359, 360, 361, 362, 364, 366, 367, 373, 374, 375, 377, 382, 383, 385, 386, 389, 390, 391, 392, 394, 395, 396, 398, 400, 401, 402, 403, 404, 405, 408, 410, 411, 423, 424, 425, 427, 434, 435, 436, 437, 438, 440, 441, 444, 448, 449, 452, 453, 455, 456, 457, 458, 459, 460, 462, 463, 464, 465, 466, 468], "summary": {"covered_lines": 115, "num_statements": 154, "percent_covered": 74.67532467532467, "percent_covered_display": "75", "missing_lines": 39, "excluded_lines": 0, "percent_statements_covered": 74.67532467532467, "percent_statements_covered_display": "75"}, "missing_lines": [60, 61, 65, 66, 106, 108, 109, 110, 118, 119, 161, 162, 173, 174, 175, 177, 178, 186, 187, 188, 190, 195, 196, 197, 198, 199, 200, 201, 202, 352, 353, 376, 378, 379, 380, 387, 397, 406, 445], "excluded_lines": [], "functions": {"FailureReporter.diagnose_failure": {"executed_lines": [50, 58, 59, 63, 64, 69, 72, 75, 77, 85], "summary": {"covered_lines": 10, "num_statements": 14, "percent_covered": 71.42857142857143, "percent_covered_display": "71", "missing_lines": 4, "excluded_lines": 0, "percent_statements_covered": 71.42857142857143, "percent_statements_covered_display": "71"}, "missing_lines": [60, 61, 65, 66], "excluded_lines": [], "start_
[...]
 200, 219, 220, 221], "summary": {"covered_lines": 82, "num_statements": 91, "percent_covered": 90.10989010989012, "percent_covered_display": "90", "missing_lines": 9, "excluded_lines": 0, "percent_statements_covered": 90.10989010989012, "percent_statements_covered_display": "90"}, "missing_lines": [73, 74, 76, 77, 78, 186, 187, 189, 190], "excluded_lines": [], "functions": {"UrlResolver.__init__": {"executed_lines": [28], "summary": {"covered_lines": 1, "num_statements": 1, "percent_covered": 100.0, "percent_covered_display": "100", "missing_lines": 0, "excluded_lines": 0, "percent_statements_covered": 100.0, "percent_statements_covered_display": "100"}, "missing_lines": [], "excluded_lines": [], "start_line": 27}, "UrlResolver.build_mapping": {"executed_lines": [50, 51, 52, 55, 56, 57, 58, 60, 61, 62, 63, 65, 68, 69, 70, 71], "summary": {"covered_lines": 16, "num_statements": 21, "percent_covered": 76.19047619047619, "percent_covered_display": "76", "missing_lines": 5, "excluded_lines": 0, "percent_statements_covered": 76.19047619047619, "percent_statements_covered_display": "76"}, "missing_lines": [73, 74, 76, 77, 78], "excluded_lines": [], "start_line": 34}, "UrlResolver.resolve": {"executed_lines": [89, 90, 91, 94, 95, 96, 102, 104], "summary": {"covered_lines": 8, "num_statements": 8, "percent_covered": 100.0, "percent_covered_display": "100", "missing_lines": 0, "excluded_lines": 0, "percent_statements_covered": 100.0, "percent_statements_covered_display": "100"}, "missing_lines": [], "excluded_lines": [], "start_line": 80}, "UrlResolver.get_seed_url": {"executed_lines": [112], "summary": {"covered_lines": 1, "num_statements": 1, "percent_covered": 100.0, "percent_covered_display": "100", "missing_lines": 0, "excluded_lines": 0, "percent_statements_covered": 100.0, "percent_statements_covered_display": "100"}, "missing_lines": [], "excluded_lines": [], "start_line": 106}, "UrlResolver.get_all_mappings": {"executed_lines": [120], "summary": {"covered_lines": 1, "num_statements": 1, "percent_covered": 100.0, "percent_covered_display": "100", "missing_lines": 0, "excluded_lines": 0, "percent_statements_covered": 100.0, "percent_statements_covered_display": "100"}, "missing_lines": [], "excluded_lines": [], "start_line": 114}, "UrlResolver._match_keyword_to_url": {"executed_lines": [142, 145, 146, 147, 148, 149, 150, 151, 152, 153, 154, 155, 158, 159, 160, 161, 162, 163, 164, 165, 168, 169, 170, 171, 172, 173, 174, 177, 178, 179, 180, 181, 182, 183, 184, 185, 188, 192], "summary": {"covered_lines": 38, "num_statements": 42, "percent_covered": 90.47619047619048, "percent_covered_display": "90", "missing_lines": 4, "excluded_lines": 0, "percent_statements_covered": 90.47619047619048, "percent_statements_covered_display": "90"}, "missing_lines": [186, 187, 189, 190], "excluded_lines": [], "start_line": 127}, "resolve_keywords_to_urls": {"executed_lines": [219, 220, 221], "summary": {"covered_lines": 3, "num_statements": 3, "percent_covered": 100.0, "percent_covered_display": "100", "missing_lines": 0, "excluded_lines": 0, "percent_statements_covered": 100.0, "percent_statements_covered_display": "100"}, "missing_lines": [], "excluded_lines": [], "start_line": 200}, "": {"executed_lines": [8, 10, 11, 13, 15, 18, 27, 34, 80, 106, 114, 126, 127, 200], "summary": {"covered_lines": 14, "num_statements": 14, "percent_covered": 100.0, "percent_covered_display": "100", "missing_lines": 0, "excluded_lines": 0, "percent_statements_covered": 100.0, "percent_statements_covered_display": "100"}, "missing_lines": [], "excluded_lines": [], "start_line": 1}}, "classes": {"UrlResolver": {"executed_lines": [28, 50, 51, 52, 55, 56, 57, 58, 60, 61, 62, 63, 65, 68, 69, 70, 71, 89, 90, 91, 94, 95, 96, 102, 104, 112, 120, 142, 145, 146, 147, 148, 149, 150, 151, 152, 153, 154, 155, 158, 159, 160, 161, 162, 163, 164, 165, 168, 169, 170, 171, 172, 173, 174, 177, 178, 179, 180, 181, 182, 183, 184, 185, 188, 192], "summary": {"covered_lines": 65, "num_statements": 74, "percent_covered": 87.83783783783784, "percent_covered_display": "88", "missing_lines": 9, "excluded_lines": 0, "percent_statements_covered": 87.83783783783784, "percent_statements_covered_display": "88"}, "missing_lines": [73, 74, 76, 77, 78, 186, 187, 189, 190], "excluded_lines": [], "start_line": 18}, "": {"executed_lines": [8, 10, 11, 13, 15, 18, 27, 34, 80, 106, 114, 126, 127, 200, 219, 220, 221], "summary": {"covered_lines": 17, "num_statements": 17, "percent_covered": 100.0, "percent_covered_display": "100", "missing_lines": 0, "excluded_lines": 0, "percent_statements_covered": 100.0, "percent_statements_covered_display": "100"}, "missing_lines": [], "excluded_lines": [], "start_line": 1}}}, "src\\url_utils.py": {"executed_lines": [3, 5, 6, 8, 11, 20, 44, 46, 47, 49, 50, 51, 52, 53, 54, 56, 59, 66, 69], "summary": {"covered_lines": 19, "num_statements": 41, "percent_covered": 46.34146341463415, "percent_covered_display": "46", "missing_lines": 22, "excluded_lines": 0, "percent_statements_covered": 46.34146341463415, "percent_statements_covered_display": "46"}, "missing_lines": [13, 14, 15, 16, 17, 27, 28, 29, 30, 32, 33, 35, 41, 74, 75, 77, 79, 81, 82, 84, 85, 87], "excluded_lines": [], "functions": {"extract_seed_domain": {"executed_lines": [], "summary": {"covered_lines": 0, "num_statements": 5, "percent_covered": 0.0, "percent_covered_display": "0", "missing_lines": 5, "excluded_lines": 0, "percent_statements_covered": 0.0, "percent_statements_covered_display": "0"}, "missing_lines": [13, 14, 15, 16, 17], "excluded_lines": [], "start_line": 11}, "filter_urls_to_allowed_domain": {"executed_lines": [], "summary": {"covered_lines": 0, "num_statements": 8, "percent_covered": 0.0, "percent_covered_display": "0", "missing_lines": 8, "excluded_lines": 0, "percent_statements_covered": 0.0, "percent_statements_covered_display": "0"}, "missing_lines": [27, 28, 29, 30, 32, 33, 35, 41], "excluded_lines": [], "start_line": 20}, "extract_route_concepts": {"executed_lines": [46, 47, 49, 50, 51, 52, 53, 54, 56], "summary": {"covered_lines": 9, "num_statements": 9, "percent_covered": 100.0, "percent_covered_display": "100", "missing_lines": 0, "excluded_lines": 0, "percent_statements_covered": 100.0, "percent_statements_covered_display": "100"}, "missing_lines": [], "excluded_lines": [], "start_line": 44}, "build_common_path_candidates": {"executed_lines": [66], "summary": {"covered_lines": 1, "num_statements": 1, "percent_covered": 100.0, "percent_covered_display": "100", "missing_lines": 0, "excluded_lines": 0, "percent_statements_covered": 100.0, "percent_statements_covered_display": "100"}, "missing_lines": [], "excluded_lines": [], "start_line": 59}, "heuristic_url_from_description": {"executed_lines": [], "summary": {"covered_lines": 0, "num_statements": 9, "percent_covered": 0.0, "percent_covered_display": "0", "missing_lines": 9, "excluded_lines": 0, "percent_statements_covered": 0.0, "percent_statements_covered_display": "0"}, "missing_lines": [74, 75, 77, 79, 81, 82, 84, 85, 87], "excluded_lines": [], "start_line": 69}, "": {"executed_lines": [3, 5, 6, 8, 11, 20, 44, 59, 69], "summary": {"covered_lines": 9, "num_statements": 9, "percent_covered": 100.0, "percent_covered_display": "100", "missing_lines": 0, "excluded_lines": 0, "percent_statements_covered": 100.0, "percent_statements_covered_display": "100"}, "missing_lines": [], "excluded_lines": [], "start_line": 1}}, "classes": {"": {"executed_lines": [3, 5, 6, 8, 11, 20, 44, 46, 47, 49, 50, 51, 52, 53, 54, 56, 59, 66, 69], "summary": {"covered_lines": 19, "num_statements": 41, "percent_covered": 46.34146341463415, "percent_covered_display": "46", "missing_lines": 22, "excluded_lines": 0, "percent_statements_covered": 46.34146341463415, "percent_statements_covered_display": "46"}, "missing_lines": [13, 14, 15, 16, 17, 27, 28, 29, 30, 32, 33, 35, 41, 74, 75, 77, 79, 81, 82, 84, 85, 87], "excluded_lines": [], "start_line": 1}}}, "src\\user_story_parser.py": {"executed_lines": [4, 5, 6, 9, 10, 17, 18, 20, 22, 24, 31, 32, 36, 37, 40, 41, 47, 48, 50, 52, 54, 56, 58, 61, 64, 80, 101, 111, 112, 117, 118, 119, 120, 121, 122, 123, 125, 126, 127, 131, 132, 134, 138, 139, 140, 142, 143, 144, 149, 150, 152, 153, 154, 155, 156, 157, 159, 169, 170, 172, 173, 174, 176, 177, 178, 180, 184, 185, 186, 187, 188, 190, 191, 192, 193, 194, 197, 198, 202, 205, 206, 207, 208, 209, 210, 213, 214, 215, 216, 217, 218, 219, 221, 222, 224, 226, 227, 232, 238, 246, 248, 251, 252, 253, 255, 258, 259, 260, 261, 262, 263, 264, 266, 267, 269, 270, 281, 282, 283, 284, 285, 286, 287, 288], "summary": {"covered_lines": 124, "num_statements": 139, "percent_covered": 89.20863309352518, "percent_covered_display": "89", "missing_lines": 15, "excluded_lines": 0, "percent_statements_covered": 89.20863309352518, "percent_statements_covered_display": "89"}, "missing_lines": [135, 136, 160, 162, 163, 164, 165, 166, 167, 181, 182, 203, 220, 240, 241], "excluded_lines": [], "functions": {"FeatureSpecification.criteria_count": {"executed_lines": [20], "summary": {"covered_lines": 1, "num_statements": 1, "percent_covered": 100.0, "percent_covered_display": "100", "missing_lines": 0, "excluded_lines": 0, "percent_statements_covered": 100.0, "percent_statements_covered_display": "100"}, "missing_lines": [], "excluded_lines": [], "start_line": 18}, "FeatureSpecification.to_dict": {"executed_lines": [24], "summary": {"covered_lines": 1, "num_statements": 1, "percent_covered": 100.0, "percent_covered_display": "100", "missing_lines": 0, "excluded_lines": 0, "percent_statements_covered": 100.0, "percent_statements_covered_display": "100"}, "missing_lines": [], "excluded_lines": [], "start_line": 22}, "RequirementModel.count": {"executed_lines": [50], "summary": {"covered_lines": 1, "num_statements": 1, "percent_covered": 100.0, "percent_covered_display": "100", "missing_lines": 0, "excluded_lines": 0, "percent_statements_covered": 100.0, "percent_statements_covered_display": "100"}, "missing_lines": [], "excluded_lines": [], "start_line": 48}, "RequirementModel.to_text": {"executed_lines": [54], "summary": {"covered_lines": 1, "num_statements": 1, "percent_covered": 100.0, "percent_covered_display": "100", "missing_lines": 0, "excluded_lines": 0, "percent_statements_covered": 100.0, "percent_statements_covered_display": "100"}, "missing_lines": [], "excluded_lines": [], "start_line": 52}, "RequirementModel.to_numbered_text": {"executed_lines": [58], "summary": {"covered_lines": 1, "num_statements": 1, "percent_covered": 100.0, "percent_covered_display": "100", "missing_lines": 0, "excluded_lines": 0, "percent_statements_covered": 100.0, "percent_statements_covered_display": "100"}, "missing_lines": [], "excluded_lines": [], "start_line": 56}, "FeatureParser.parse": {"executed_lines": [111, 112, 117, 118, 119, 120, 121, 122, 123, 125, 126, 127, 131, 132, 134, 138, 139, 140, 142, 143, 144, 149, 150, 152, 153, 154, 155, 156, 157, 159, 169, 170, 172, 173, 174, 176, 177, 178, 180, 184, 185, 186, 187, 188, 190, 191, 192, 193, 194, 197, 198, 202, 205, 206, 207, 208, 209, 210, 213, 214, 215, 216, 217, 218, 219, 221, 222, 224, 226, 227, 232, 238], "summary": {"covered_lines": 72, "num_statements": 87, "percent_covered": 82.75862068965517, "percent_covered_display": "83", "missing_lines": 15, "excluded_lines": 0, "percent_statements_covered": 82.75862068965517, "percent_statements_covered_display": "83"}, "missing_lines": [135, 136, 160, 162, 163, 164, 165, 166, 167, 181, 182, 203, 220, 240, 241], "excluded_lines": [], "start_line": 101}, "FeatureParser.build_requirement_model": {"executed_lines": [248, 251, 252, 253, 255, 258, 259, 260, 261, 262, 263, 264, 266, 267], "summary": {"covered_lines": 14, "num_statements": 14, "percent_covered": 100.0, "percent_covered_display": "100", "missing_lines": 0, "excluded_lines": 0, "percent_statements_covered": 100.0, "percent_statements_covered_display": "100"}, "missing_lines": [], "excluded_lines": [], "start_line": 246}, "FeatureParser._clean_criterion": {"executed_lines": [281, 282, 283, 284, 285, 286, 287, 288], "summary": {"covered_lines": 8, "num_statements": 8, "percent_covered": 100.0, "percent_covered_display": "100", "missing_lines": 0, "excluded_lines": 0, "percent_statements_covered": 100.0, "percent_statements_covered_display": "100"}, "missing_lines": [], "excluded_lines": [], "start_line": 270}, "": {"executed_lines": [4, 5, 6, 9, 10, 17, 18, 22, 31, 32, 36, 37, 40, 41, 47, 48, 52, 56, 61, 64, 80, 101, 246, 269, 270], "summary": {"covered_lines": 25, "num_statements": 25, "percent_covered": 100.0, "percent_covered_display": "100", "missing_lines": 0, "excluded_lines": 0, "percent_statements_covered": 100.0, "percent_statements_covered_display": "100"}, "missing_lines": [], "excluded_lines": [], "start_line": 1}}, "classes": {"FeatureSpecification": {"executed_lines": [20, 24], "summary": {"covered_lines": 2, "num_statements": 2, "percent_covered": 100.0, "percent_covered_display": "100", "missing_lines": 0, "excluded_lines": 0, "percent_statements_covered": 100.0, "percent_statements_covered_display": "100"}, "missing_lines": [], "excluded_lines": [], "start_line": 10}, "ParseResult": {"executed_lines": [], "summary": {"covered_lines": 0, "num_statements": 0, "percent_covered": 100.0, "percent_covered_display": "100", "missing_lines": 0, "excluded_lines": 0, "percent_statements_covered": 100.0, "percent_statements_covered_display": "100"}, "missing_lines": [], "excluded_lines": [], "start_line": 32}, "RequirementModel": {"executed_lines": [50, 54, 58], "summary": {"covered_lines": 3, "num_statements": 3, "percent_covered": 100.0, "percent_covered_display": "100", "missing_lines": 0, "excluded_lines": 0, "percent_statements_covered": 100.0, "percent_statements_covered_display": "100"}, "missing_lines": [], "excluded_lines": [], "start_line": 41}, "FeatureParser": {"executed_lines": [111, 112, 117, 118, 119, 120, 121, 122, 123, 125, 126, 127, 131, 132, 134, 138, 139, 140, 142, 143, 144, 149, 150, 152, 153, 154, 155, 156, 157, 159, 169, 170, 172, 173, 174, 176, 177, 178, 180, 184, 185, 186, 187, 188, 190, 191, 192, 193, 194, 197, 198, 202, 205, 206, 207, 208, 209, 210, 213, 214, 215, 216, 217, 218, 219, 221, 222, 224, 226, 227, 232, 238, 248, 251, 252, 253, 255, 258, 259, 260, 261, 262, 263, 264, 266, 267, 281, 282, 283, 284, 285, 286, 287, 288], "summary": {"covered_lines": 94, "num_statements": 109, "percent_covered": 86.23853211009174, "percent_covered_display": "86", "missing_lines": 15, "excluded_lines": 0, "percent_statements_covered": 86.23853211009174, "percent_statements_covered_display": "86"}, "missing_lines": [135, 136, 160, 162, 163, 164, 165, 166, 167, 181, 182, 203, 220, 240, 241], "excluded_lines": [], "start_line": 61}, "": {"executed_lines": [4, 5, 6, 9, 10, 17, 18, 22, 31, 32, 36, 37, 40, 41, 47, 48, 52, 56, 61, 64, 80, 101, 246, 269, 270], "summary": {"covered_lines": 25, "num_statements": 25, "percent_covered": 100.0, "percent_covered_display": "100", "missing_lines": 0, "excluded_lines": 0, "percent_statements_covered": 100.0, "percent_statements_covered_display": "100"}, "missing_lines": [], "excluded_lines": [], "start_line": 1}}}, "src\\vision_enricher.py": {"executed_lines": [16, 18, 19, 20, 21, 22, 24, 27, 63, 76, 77, 91, 93, 94, 95, 97, 99, 100, 116, 117, 120, 121, 122, 123, 126, 127, 128, 129, 132, 134, 135, 136, 137, 139, 142, 143, 144, 146, 147, 156, 157, 158, 160, 176, 177, 211, 213, 215, 216, 219, 221, 222, 223, 225, 226, 227, 228, 229, 230, 233, 236, 239, 242, 243, 249, 252, 253, 254, 255, 257, 259, 260, 261, 262, 264, 266, 267, 279, 288, 290, 292, 293, 294, 295, 296, 297, 298, 301, 302, 303, 304, 305, 307], "summary": {"covered_lines": 93, "num_statements": 93, "percent_covered": 100.0, "percent_covered_display": "100", "missing_lines": 0, "excluded_lines": 0, "percent_statements_covered": 100.0, "percent_statements_covered_display": "100"}, "missing_lines": [], "excluded_lines": [], "functions": {"VisionEnricher.is_vision_capable": {"executed_lines": [91, 93, 94, 95, 97], "summary": {"covered_lines": 5, "num_statements": 5, "percent_covered": 100.0, "percent_covered_display": "100", "missing_lines": 0, "excluded_lines": 0, "percent_statements_covered": 100.0, "percent_statements_covered_display": "100"}, "missing_lines": [], "excluded_lines": [], "start_line": 77}, "VisionEnricher.crop_element_from_screenshot": {"executed_lines": [116, 117, 120, 121, 122, 123, 126, 127, 128, 129, 132, 134, 135, 136, 137, 139, 142, 143, 144], "summary": {"covered_lines": 19, "num_statements": 19, "percent_covered": 100.0, "percent_covered_display": "100", "missing_lines": 0, "excluded_lines": 0, "percent_statements_covered": 100.0, "percent_statements_covered_display": "100"}, "missing_lines": [], "excluded_lines": [], "start_line": 100}, "VisionEnricher._build_vision_prompt": {"executed_lines": [156, 157, 158, 160], "summary": {"covered_lines": 4, "num_statements": 4, "percent_covered": 100.0, "percent_covered_display": "100", "missing_lines": 0, "excluded_lines": 0, "percent_statements_covered": 100.0, "percent_statements_covered_display": "100"}, "missing_lines": [], "excluded_lines": [], "start_line": 147}, "VisionEnricher.enrich_elements": {"executed_lines": [211, 213, 215, 216, 219, 221, 222, 223, 225, 226, 227, 228, 229, 230, 233, 236, 239, 242, 243, 249, 252, 253, 254, 255, 257, 259, 260, 261, 262, 264], "summary": {"covered_lines": 30, "num_statements": 30, "percent_covered": 100.0, "percent_covered_display": "100", "missing_lines": 0, "excluded_lines": 0, "percent_statements_covered": 100.0, "percent_statements_covered_display": "100"}, "missing_lines": [], "excluded_lines": [], "start_line": 177}, "VisionEnricher._parse_enrichment_response": {"executed_lines": [279, 288, 290, 292, 293, 294, 295, 296, 297, 298, 301, 302, 303, 304, 305, 307], "summary": {"covered_lines": 16, "num_statements": 16, "percent_covered": 100.0, "percent_covered_display": "100", "missing_lines": 0, "excluded_lines": 0, "percent_statements_covered": 100.0, "percent_statements_covered_display": "100"}, "missing_lines": [], "excluded_lines": [], "start_line": 267}, "": {"executed_lines": [16, 18, 19, 20, 21, 22, 24, 27, 63, 76, 77, 99, 100, 146, 147, 176, 177, 266, 267], "summary": {"covered_lines": 19, "num_statements": 19, "percent_covered": 100.0, "percent_covered_display": "100", "missing_lines": 0, "excluded_lines": 0, "percent_statements_covered": 100.0, "percent_statements_covered_display": "100"}, "missing_lines": [], "excluded_lines": [], "start_line": 1}}, "classes": {"VisionEnricher": {"executed_lines": [91, 93, 94, 95, 97, 116, 117, 120, 121, 122, 123, 126, 127, 128, 129, 132, 134, 135, 136, 137, 139, 142, 143, 144, 156, 157, 158, 160, 211, 213, 215, 216, 219, 221, 222, 223, 225, 226, 227, 228, 229, 230, 233, 236, 239, 242, 243, 249, 252, 253, 254, 255, 257, 259, 260, 261, 262, 264, 279, 288, 290, 292, 293, 294, 295, 296, 297, 298, 301, 302, 303, 304, 305, 307], "summary": {"covered_lines": 74, "num_statements": 74, "percent_covered": 100.0, "percent_covered_display": "100", "missing_lines": 0, "excluded_lines": 0, "percent_statements_covered": 100.0, "percent_statements_covered_display": "100"}, "missing_lines": [], "excluded_lines": [], "start_line": 63}, "": {"executed_lines": [16, 18, 19, 20, 21, 22, 24, 27, 63, 76, 77, 99, 100, 146, 147, 176, 177, 266, 267], "summary": {"covered_lines": 19, "num_statements": 19, "percent_covered": 100.0, "percent_covered_display": "100", "missing_lines": 0, "excluded_lines": 0, "percent_statements_covered": 100.0, "percent_statements_covered_display": "100"}, "missing_lines": [], "excluded_lines": [], "start_line": 1}}}}, "totals": {"covered_lines": 5627, "num_statements": 8490, "percent_covered": 66.27797408716137, "percent_covered_display": "66", "missing_lines": 2863, "excluded_lines": 9, "percent_statements_covered": 66.27797408716137, "percent_statements_covered_display": "66"}}