============================= test session starts =============================
platform win32 -- Python 3.14.2, pytest-9.0.2, pluggy-1.6.0
rootdir: C:\Users\l_a_c\code\AI-Playwright-Test-Generator
configfile: pytest.ini
plugins: anyio-4.11.0, base-url-2.1.0, cov-7.0.0, playwright-0.7.2
collected 717 items

tests\integration\test_pipeline_end_to_end.py ......                     [  0%]
tests\test_accessibility_enricher.py ...........                         [  2%]
tests\test_cli_report_generator.py .                                     [  2%]
tests\test_cli_smoke.py .                                                [  2%]
tests\test_cli_test_orchestrator.py ....                                 [  3%]
tests\test_code_postprocessor_llm_reasoning.py ......................... [  6%]
........................                                                 [ 10%]
tests\test_code_validator.py .......................................     [ 15%]
tests\test_coverage_utils.py ................                            [ 17%]
tests\test_e2e_placeholder_quoting.py .......                            [ 18%]
tests\test_e2e_placeholder_resolution_valid_python.py .....              [ 19%]
tests\test_evidence_loader.py ..............                             [ 21%]
tests\test_evidence_tracker.py ...........                               [ 22%]
tests\test_failure_reporter.py .........                                 [ 24%]
tests\test_gantt_utils.py ..                                             [ 24%]
tests\test_global_best_resolution.py .....                               [ 25%]
tests\test_heatmap_utils.py ........                                     [ 26%]
tests\test_journey_scraper.py .......................................... [ 32%]
...                                                                      [ 32%]
tests\test_journey_scraper_silent_failure_fix.py ..........              [ 33%]
tests\test_journey_selector_propagation.py .....                         [ 34%]
tests\test_llm_client.py ...........................                     [ 38%]
tests\test_llm_errors.py ...                                             [ 38%]
tests\test_locator_scorer.py ............................                [ 42%]
tests\test_normalise_code_newlines.py ........                           [ 43%]
tests\test_orchestrator.py ................                              [ 46%]
tests\test_orchestrator_dynamic_scrape.py .                              [ 46%]
tests\test_page_object_builder.py ....                                   [ 46%]
tests\test_page_requirements_scoping.py ..                               [ 47%]
tests\test_pipeline_models.py .                                          [ 47%]
tests\test_pipeline_report_service.py .                                  [ 47%]
tests\test_pipeline_run_service.py ..                                    [ 47%]
tests\test_pipeline_writer.py ....                                       [ 48%]
tests\test_placeholder_resolution_guardrails.py ........                 [ 49%]
tests\test_placeholder_resolver.py ..................................... [ 54%]
                                                                         [ 54%]
tests\test_placeholder_resolver_text_validation.py ..................... [ 57%]
.                                                                        [ 57%]
tests\test_prerequisite_injector.py ..................                   [ 59%]
tests\test_prompt_utils.py .............                                 [ 61%]
tests\test_pytest_output_parser.py ..........................            [ 65%]
tests\test_report_utils.py ................                              [ 67%]
tests\test_retro_ui.py ...........................                       [ 71%]
tests\test_run_utils.py .....                                            [ 72%]
tests\test_scraper.py ......                                             [ 72%]
tests\test_scraper_screenshot.py ........                                [ 74%]
tests\test_semantic_candidate_ranker.py ..                               [ 74%]
tests\test_skeleton_parser.py ..................                         [ 76%]
tests\test_skeleton_prompt_template.py ....

============================== warnings summary ===============================
tests\cli\test_orchestrator.py:19
  C:\Users\l_a_c\code\AI-Playwright-Test-Generator\tests\cli\test_orchestrator.py:19: PytestCollectionWarning: cannot collect test class 'TestOrchestrationResult' because it has a __init__ constructor (from: tests/cli/test_orchestrator.py)
    @dataclass

tests\integration\test_pipeline_end_to_end.py:156
  C:\Users\l_a_c\code\AI-Playwright-Test-Generator\tests\integration\test_pipeline_end_to_end.py:156: PytestUnknownMarkWarning: Unknown pytest.mark.slow - is this a typo?  You can register custom marks to avoid this warning - for details, see https://docs.pytest.org/en/stable/how-to/mark.html
    @pytest.mark.slow

tests\integration\test_pipeline_end_to_end.py:157
  C:\Users\l_a_c\code\AI-Playwright-Test-Generator\tests\integration\test_pipeline_end_to_end.py:157: PytestUnknownMarkWarning: Unknown pytest.mark.integration - is this a typo?  You can register custom marks to avoid this warning - for details, see https://docs.pytest.org/en/stable/how-to/mark.html
    @pytest.mark.integration

tests\integration\test_pipeline_end_to_end.py:251
  C:\Users\l_a_c\code\AI-Playwright-Test-Generator\tests\integration\test_pipeline_end_to_end.py:251: PytestUnknownMarkWarning: Unknown pytest.mark.slow - is this a typo?  You can register custom marks to avoid this warning - for details, see https://docs.pytest.org/en/stable/how-to/mark.html
    @pytest.mark.slow

tests\integration\test_pipeline_end_to_end.py:252
  C:\Users\l_a_c\code\AI-Playwright-Test-Generator\tests\integration\test_pipeline_end_to_end.py:252: PytestUnknownMarkWarning: Unknown pytest.mark.integration - is this a typo?  You can register custom marks to avoid this warning - for details, see https://docs.pytest.org/en/stable/how-to/mark.html
    @pytest.mark.integration

cli\input_parser.py:25
  C:\Users\l_a_c\code\AI-Playwright-Test-Generator\cli\input_parser.py:25: PytestCollectionWarning: cannot collect test class 'TestCase' because it has a __init__ constructor (from: tests/test_cli_test_orchestrator.py)
    @dataclass

-- Docs: https://docs.pytest.org/en/stable/how-to/capture-warnings.html
!!!!!!!!!!!!!!!!!!!!!!!!!!!!!! KeyboardInterrupt !!!!!!!!!!!!!!!!!!!!!!!!!!!!!!
C:\Users\l_a_c\AppData\Local\Python\pythoncore-3.14-64\Lib\socket.py:862: KeyboardInterrupt
(to show a full traceback on KeyboardInterrupt use --full-trace)
================= 555 passed, 6 warnings in 493.49s (0:08:13) =================
